GNGGA,020051.922,3030.318814,N,11423.645688,E,1,05,6.941,-1.077,M,0,M,,
GNGGA,020052.672,3030.312123,N,11423.637114,E,1,05,6.939,-1.165,M,0,M,,
GNGGA,020053.422,3030.312951,N,11423.638678,E,1,05,6.936,-1.256,M,0,M,,
GNGGA,020054.172,3030.316216,N,11423.647153,E,1,06,5.434,-1.364,M,0,M,,
GNGGA,020055.000,3030.316438,N,11423.649566,E,1,06,5.434,-1.436,M,0,M,,
GNGGA,020056.000,3030.317502,N,11423.650202,E,1,06,5.434,-1.473,M,0,M,,
GNGGA,020057.000,3030.315526,N,11423.643295,E,1,06,5.434,-1.488,M,0,M,,
GNGGA,020058.000,3030.318150,N,11423.645382,E,1,07,3.021,-1.411,M,0,M,,
GNGGA,020059.000,3030.318738,N,11423.644230,E,1,07,3.020,-1.323,M,0,M,,
GNGGA,020100.000,3030.318003,N,11423.640902,E,1,07,3.020,-1.197,M,0,M,,
GNGGA,020132.867,3030.315009,N,11423.624290,E,1,05,8.425,-1.514,M,0,M,,
GNGGA,020133.617,3030.319572,N,11423.622938,E,1,05,8.428,-1.523,M,0,M,,
GNGGA,020134.367,3030.319398,N,11423.624044,E,1,05,8.432,-1.539,M,0,M,,
GNGGA,020135.117,3030.319674,N,11423.624454,E,1,05,8.435,-1.555,M,0,M,,
GNGGA,020136.000,3030.320487,N,11423.625203,E,1,06,4.318,-1.571,M,0,M,,
GNGGA,020137.000,3030.322114,N,11423.626605,E,1,06,4.318,-1.592,M,0,M,,
GNGGA,020138.000,3030.325452,N,11423.629745,E,1,08,3.547,-1.606,M,0,M,,
GNGGA,020139.000,3030.327680,N,11423.631360,E,1,08,3.546,-1.622,M,0,M,,
GNGGA,020140.000,3030.331926,N,11423.630952,E,1,07,3.748,-1.577,M,0,M,,
GNGGA,020141.000,3030.330890,N,11423.631040,E,1,08,2.539,-1.514,M,0,M,,
GNGGA,020219.824,3030.319879,N,11423.635977,E,1,07,2.989,-1.466,M,0,M,,
GNGGA,020220.574,3030.321052,N,11423.636745,E,1,08,1.763,-1.423,M,0,M,,
GNGGA,020221.324,3030.323185,N,11423.637797,E,1,09,1.221,-1.424,M,0,M,,
GNGGA,020222.074,3030.323678,N,11423.638238,E,1,09,1.221,-1.425,M,0,M,,
GNGGA,020223.000,3030.325113,N,11423.640804,E,1,09,1.220,-1.438,M,0,M,,
GNGGA,020224.000,3030.327285,N,11423.642575,E,1,09,1.220,-1.445,M,0,M,,
GNGGA,020225.000,3030.328632,N,11423.640282,E,1,09,1.220,-1.450,M,0,M,,
GNGGA,020226.000,3030.330423,N,11423.637997,E,1,09,1.220,-1.449,M,0,M,,
GNGGA,020227.000,3030.330943,N,11423.635837,E,1,10,1.089,-1.439,M,0,M,,
GNGGA,020228.000,3030.330713,N,11423.635840,E,1,10,1.089,-1.416,M,0,M,,
GNGGA,020300.429,3030.318267,N,11423.633524,E,1,05,6.149,-1.319,M,0,M,,
GNGGA,020301.179,3030.320232,N,11423.631132,E,1,06,5.427,-1.339,M,0,M,,
GNGGA,020302.000,3030.318845,N,11423.630318,E,1,06,5.427,-1.238,M,0,M,,
GNGGA,020303.000,3030.317590,N,11423.627817,E,1,06,5.426,-1.128,M,0,M,,
GNGGA,020304.000,3030.315810,N,11423.624212,E,1,07,3.678,-1.014,M,0,M,,
GNGGA,020305.000,3030.316163,N,11423.624316,E,1,08,2.510,-0.894,M,0,M,,
GNGGA,020306.000,3030.316582,N,11423.625569,E,1,08,2.510,-0.760,M,0,M,,
GNGGA,020307.000,3030.316801,N,11423.625445,E,1,08,2.510,-0.605,M,0,M,,
GNGGA,020308.000,3030.316742,N,11423.625331,E,1,09,2.415,-0.448,M,0,M,,
GNGGA,020309.000,3030.316789,N,11423.625569,E,1,09,2.415,-0.267,M,0,M,,
GNGGA,020342.857,3030.321583,N,11423.631894,E,1,06,5.417,-0.810,M,0,M,,
GNGGA,020343.607,3030.320779,N,11423.630385,E,1,06,5.417,-0.755,M,0,M,,
GNGGA,020344.357,3030.320745,N,11423.630031,E,1,06,5.417,-0.667,M,0,M,,
GNGGA,020345.107,3030.320787,N,11423.629855,E,1,06,5.417,-0.564,M,0,M,,
GNGGA,020346.000,3030.320855,N,11423.630385,E,1,07,2.958,-0.411,M,0,M,,
GNGGA,020347.000,3030.321313,N,11423.630896,E,1,07,2.957,-0.267,M,0,M,,
GNGGA,020348.000,3030.321511,N,11423.631461,E,1,07,2.957,-0.161,M,0,M,,
GNGGA,020349.000,3030.322534,N,11423.633132,E,1,07,2.957,-0.087,M,0,M,,
GNGGA,020350.000,3030.321702,N,11423.633128,E,1,07,2.956,-0.027,M,0,M,,
GNGGA,020351.000,3030.320776,N,11423.631613,E,1,07,2.956,0.022,M,0,M,,
GNGGA,020639.801,3030.321858,N,11423.616287,E,1,06,2.629,1.899,M,0,M,,
GNGGA,020640.551,3030.326134,N,11423.625322,E,1,06,2.628,2.764,M,0,M,,
GNGGA,020641.301,3030.325200,N,11423.624583,E,1,06,2.628,3.663,M,0,M,,
GNGGA,020642.051,3030.326287,N,11423.623983,E,1,06,2.628,4.447,M,0,M,,
GNGGA,020643.000,3030.326203,N,11423.624544,E,1,06,2.627,5.102,M,0,M,,
GNGGA,020644.000,3030.324089,N,11423.624902,E,1,06,2.627,5.940,M,0,M,,
GNGGA,020645.000,3030.325596,N,11423.625615,E,1,06,2.627,7.067,M,0,M,,
GNGGA,020646.000,3030.324721,N,11423.624405,E,1,06,2.626,8.137,M,0,M,,
GNGGA,020647.000,3030.327380,N,11423.623044,E,1,06,2.626,9.041,M,0,M,,
GNGGA,020648.000,3030.329937,N,11423.621991,E,1,06,2.625,9.862,M,0,M,,
GNGGA,020753.857,3030.286561,N,11423.553960,E,1,05,4.242,6.836,M,0,M,,
GNGGA,020754.607,3030.289706,N,11423.557555,E,1,05,4.240,7.200,M,0,M,,
GNGGA,020755.357,3030.289375,N,11423.558656,E,1,05,4.239,7.538,M,0,M,,
GNGGA,020756.107,3030.286353,N,11423.555100,E,1,05,4.237,7.968,M,0,M,,
GNGGA,020757.000,3030.288551,N,11423.559198,E,1,05,4.235,8.441,M,0,M,,
GNGGA,020758.000,3030.287814,N,11423.553656,E,1,04,9.869,8.761,M,0,M,,
GNGGA,020759.000,3030.284438,N,11423.547521,E,1,04,9.864,8.978,M,0,M,,
GNGGA,020800.000,3030.309110,N,11423.608597,E,1,05,4.229,9.232,M,0,M,,
GNGGA,020801.000,3030.326929,N,11423.652204,E,1,06,2.596,9.510,M,0,M,,
GNGGA,020802.000,3030.325663,N,11423.650760,E,1,08,1.288,9.679,M,0,M,,
GNGGA,020834.674,3030.328437,N,11423.649578,E,1,05,5.775,8.969,M,0,M,,
GNGGA,020835.424,3030.324356,N,11423.635268,E,1,08,1.538,9.198,M,0,M,,
GNGGA,020836.174,3030.317725,N,11423.619713,E,1,09,1.344,9.423,M,0,M,,
GNGGA,020837.000,3030.314390,N,11423.613657,E,1,10,1.284,9.674,M,0,M,,
GNGGA,020838.000,3030.313646,N,11423.611549,E,1,10,1.284,9.878,M,0,M,,
GNGGA,020839.000,3030.312431,N,11423.610290,E,1,11,1.022,10.120,M,0,M,,
GNGGA,020840.000,3030.313862,N,11423.612595,E,1,11,1.022,10.325,M,0,M,,
GNGGA,020841.000,3030.313809,N,11423.614515,E,1,11,1.022,10.557,M,0,M,,
GNGGA,020842.000,3030.313943,N,11423.615866,E,1,11,1.022,10.783,M,0,M,,
GNGGA,020843.000,3030.313654,N,11423.616926,E,1,11,1.022,11.019,M,0,M,,
GNGGA,020916.633,3030.325841,N,11423.648613,E,1,05,5.690,10.498,M,0,M,,
GNGGA,020917.383,3030.320904,N,11423.637259,E,1,06,5.219,10.696,M,0,M,,
GNGGA,020918.133,3030.321165,N,11423.636935,E,1,06,5.219,10.895,M,0,M,,
GNGGA,020919.000,3030.319611,N,11423.632700,E,1,06,5.218,11.112,M,0,M,,
GNGGA,020920.000,3030.316323,N,11423.624244,E,1,08,1.941,11.374,M,0,M,,
GNGGA,020921.000,3030.316651,N,11423.624123,E,1,09,1.347,11.643,M,0,M,,
GNGGA,020922.000,3030.317702,N,11423.625824,E,1,09,1.347,11.925,M,0,M,,
GNGGA,020923.001,3030.319358,N,11423.628622,E,1,10,0.997,12.197,M,0,M,,
GNGGA,020924.000,3030.320087,N,11423.628995,E,1,10,0.997,12.475,M,0,M,,
GNGGA,020925.000,3030.319842,N,11423.627339,E,1,10,0.997,12.755,M,0,M,,
GNGGA,020958.533,3030.314501,N,11423.621388,E,1,05,5.832,12.190,M,0,M,,
GNGGA,020959.283,3030.314374,N,11423.621902,E,1,05,5.832,12.441,M,0,M,,
GNGGA,021000.033,3030.314170,N,11423.622010,E,1,06,4.214,12.686,M,0,M,,
GNGGA,021001.000,3030.313071,N,11423.619641,E,1,07,1.558,12.938,M,0,M,,
GNGGA,021002.000,3030.310443,N,11423.613939,E,1,10,1.134,13.215,M,0,M,,
GNGGA,021003.000,3030.311721,N,11423.617430,E,1,10,1.134,13.450,M,0,M,,
GNGGA,021004.000,3030.310919,N,11423.616721,E,1,10,1.134,13.657,M,0,M,,
GNGGA,021005.000,3030.310781,N,11423.617037,E,1,10,1.134,13.855,M,0,M,,
GNGGA,021006.000,3030.310904,N,11423.618004,E,1,10,1.134,14.038,M,0,M,,
GNGGA,021007.000,3030.312161,N,11423.621043,E,1,10,1.134,14.227,M,0,M,,
GNGGA,021042.429,3030.337309,N,11423.664312,E,1,05,5.527,13.972,M,0,M,,
GNGGA,021043.179,3030.332265,N,11423.653690,E,1,06,5.140,14.166,M,0,M,,
GNGGA,021044.000,3030.334076,N,11423.654802,E,1,06,5.139,14.384,M,0,M,,
GNGGA,021045.000,3030.361888,N,11423.700590,E,1,08,1.704,14.695,M,0,M,,
GNGGA,021046.000,3030.379808,N,11423.738079,E,1,10,1.124,14.695,M,0,M,,
GNGGA,021047.000,3030.374634,N,11423.728760,E,1,10,1.124,14.695,M,0,M,,
GNGGA,021048.000,3030.383471,N,11423.745758,E,1,10,1.124,14.695,M,0,M,,
GNGGA,021049.000,3030.394612,N,11423.766544,E,1,10,1.124,14.695,M,0,M,,
GNGGA,021050.000,3030.404658,N,11423.784852,E,1,10,1.124,14.695,M,0,M,,
GNGGA,021051.000,3030.410792,N,11423.795627,E,1,10,1.124,14.695,M,0,M,,
GNGGA,021126.675,3030.347379,N,11423.660833,E,1,06,3.251,14.758,M,0,M,,
GNGGA,021127.425,3030.323085,N,11423.605160,E,1,06,3.251,14.929,M,0,M,,
GNGGA,021128.175,3030.316239,N,11423.589014,E,1,07,2.823,15.193,M,0,M,,
GNGGA,021129.000,3030.316825,N,11423.590157,E,1,08,2.368,15.435,M,0,M,,
GNGGA,021130.000,3030.315236,N,11423.585525,E,1,09,1.432,15.629,M,0,M,,
GNGGA,021131.000,3030.313961,N,11423.581681,E,1,09,1.433,15.778,M,0,M,,
GNGGA,021132.000,3030.311209,N,11423.576987,E,1,09,1.433,15.919,M,0,M,,
GNGGA,021133.000,3030.310164,N,11423.574660,E,1,09,1.433,16.057,M,0,M,,
GNGGA,021134.000,3030.310384,N,11423.575449,E,1,09,1.433,16.288,M,0,M,,
GNGGA,021135.000,3030.310509,N,11423.577793,E,1,10,1.136,16.462,M,0,M,,
GNGGA,021210.465,3030.314357,N,11423.619019,E,1,06,5.051,15.884,M,0,M,,
GNGGA,021211.215,3030.315021,N,11423.619279,E,1,06,5.050,15.948,M,0,M,,
GNGGA,021213.000,3030.317238,N,11423.622301,E,1,07,2.813,16.198,M,0,M,,
GNGGA,021214.000,3030.314777,N,11423.615601,E,1,09,1.437,16.306,M,0,M,,
GNGGA,021215.000,3030.315734,N,11423.616656,E,1,09,1.437,16.418,M,0,M,,
GNGGA,021216.000,3030.317257,N,11423.618451,E,1,09,1.437,16.533,M,0,M,,
GNGGA,021217.000,3030.317374,N,11423.618813,E,1,10,1.138,16.648,M,0,M,,
GNGGA,021218.000,3030.316950,N,11423.618520,E,1,10,1.138,16.768,M,0,M,,
GNGGA,021219.000,3030.316913,N,11423.619305,E,1,10,1.138,16.893,M,0,M,,
GNGGA,021220.000,3030.319165,N,11423.623892,E,1,10,1.138,17.025,M,0,M,,
GNGGA,021255.657,3030.285035,N,11423.535504,E,1,07,2.229,16.868,M,0,M,,
GNGGA,021257.407,3030.324999,N,11423.629732,E,1,09,1.529,17.026,M,0,M,,
GNGGA,021258.157,3030.324443,N,11423.628378,E,1,10,1.254,17.092,M,0,M,,
GNGGA,021259.000,3030.323982,N,11423.626922,E,1,10,1.254,17.133,M,0,M,,
GNGGA,021300.000,3030.323957,N,11423.626249,E,1,10,1.254,17.142,M,0,M,,
GNGGA,021301.000,3030.323755,N,11423.625722,E,1,10,1.255,17.132,M,0,M,,
GNGGA,021302.000,3030.323131,N,11423.624745,E,1,10,1.255,17.114,M,0,M,,
GNGGA,021303.000,3030.323125,N,11423.625187,E,1,10,1.255,17.114,M,0,M,,
GNGGA,021304.000,3030.322209,N,11423.623256,E,1,10,1.255,17.122,M,0,M,,
GNGGA,021305.000,3030.321363,N,11423.622228,E,1,10,1.255,17.136,M,0,M,,
GNGGA,021338.852,3030.327874,N,11423.635753,E,1,06,4.955,17.404,M,0,M,,
GNGGA,021339.602,3030.318939,N,11423.615177,E,1,06,4.954,17.550,M,0,M,,
GNGGA,021340.352,3030.319849,N,11423.616901,E,1,06,4.953,17.695,M,0,M,,
GNGGA,021341.102,3030.321972,N,11423.622994,E,1,06,4.952,17.841,M,0,M,,
GNGGA,021342.000,3030.320742,N,11423.620803,E,1,09,1.223,17.960,M,0,M,,
GNGGA,021343.000,3030.323726,N,11423.628351,E,1,09,1.223,18.079,M,0,M,,
GNGGA,021344.000,3030.323558,N,11423.628081,E,1,10,1.122,18.195,M,0,M,,
GNGGA,021345.000,3030.324225,N,11423.630376,E,1,10,1.122,18.314,M,0,M,,
GNGGA,021346.000,3030.324154,N,11423.630171,E,1,10,1.122,18.424,M,0,M,,
GNGGA,021347.000,3030.322557,N,11423.626606,E,1,10,1.122,18.534,M,0,M,,
GNGGA,021419.748,3030.318158,N,11423.625788,E,1,05,5.604,18.014,M,0,M,,
GNGGA,021420.498,3030.315592,N,11423.618270,E,1,05,5.603,18.074,M,0,M,,
GNGGA,021421.248,3030.314999,N,11423.616023,E,1,05,5.602,18.173,M,0,M,,
GNGGA,021422.000,3030.314626,N,11423.615551,E,1,05,5.602,18.271,M,0,M,,
GNGGA,021423.000,3030.317862,N,11423.624293,E,1,07,3.205,18.345,M,0,M,,
GNGGA,021424.000,3030.312074,N,11423.611158,E,1,10,1.141,18.443,M,0,M,,
GNGGA,021425.000,3030.314673,N,11423.617829,E,1,10,1.141,18.483,M,0,M,,
GNGGA,021426.000,3030.316060,N,11423.621598,E,1,10,1.141,18.520,M,0,M,,
GNGGA,021427.000,3030.316643,N,11423.623106,E,1,10,1.141,18.531,M,0,M,,
GNGGA,021428.000,3030.316609,N,11423.622689,E,1,10,1.141,18.540,M,0,M,,
GNGGA,021503.706,3030.327064,N,11423.655072,E,1,06,3.167,18.248,M,0,M,,
GNGGA,021504.456,3030.314821,N,11423.625446,E,1,07,2.780,18.236,M,0,M,,
GNGGA,021505.206,3030.306302,N,11423.605815,E,1,09,1.452,18.166,M,0,M,,
GNGGA,021506.000,3030.306053,N,11423.605423,E,1,09,1.452,18.094,M,0,M,,
GNGGA,021507.000,3030.305807,N,11423.605225,E,1,09,1.452,18.029,M,0,M,,
GNGGA,021508.000,3030.306364,N,11423.607091,E,1,09,1.452,17.973,M,0,M,,
GNGGA,021509.000,3030.306282,N,11423.606762,E,1,10,1.142,17.895,M,0,M,,
GNGGA,021510.000,3030.306601,N,11423.606886,E,1,10,1.142,17.816,M,0,M,,
GNGGA,021511.000,3030.305649,N,11423.604330,E,1,10,1.142,17.741,M,0,M,,
GNGGA,021512.000,3030.305341,N,11423.603691,E,1,10,1.142,17.672,M,0,M,,
GNGGA,021546.489,3030.318873,N,11423.635441,E,1,07,1.948,17.882,M,0,M,,
GNGGA,021547.239,3030.309967,N,11423.614456,E,1,10,1.385,17.820,M,0,M,,
GNGGA,021548.000,3030.307672,N,11423.607916,E,1,09,1.542,17.767,M,0,M,,
GNGGA,021549.000,3030.307752,N,11423.608039,E,1,10,1.385,17.720,M,0,M,,
GNGGA,021550.000,3030.308290,N,11423.608812,E,1,11,1.120,17.680,M,0,M,,
GNGGA,021551.000,3030.307352,N,11423.606278,E,1,11,1.038,17.649,M,0,M,,
GNGGA,021552.000,3030.307589,N,11423.607468,E,1,11,1.038,17.613,M,0,M,,
GNGGA,021553.000,3030.307207,N,11423.607145,E,1,11,1.038,17.561,M,0,M,,
GNGGA,021554.000,3030.307231,N,11423.607147,E,1,11,1.038,17.514,M,0,M,,
GNGGA,021555.000,3030.307393,N,11423.606311,E,1,11,1.038,17.480,M,0,M,,
GNGGA,021630.558,3030.305517,N,11423.611611,E,1,07,2.439,17.430,M,0,M,,
GNGGA,021631.308,3030.305119,N,11423.611246,E,1,09,1.546,17.232,M,0,M,,
GNGGA,021632.058,3030.303410,N,11423.619674,E,1,09,1.546,-2.858,M,0,M,,
GNGGA,021633.000,3030.304240,N,11423.621952,E,1,10,1.143,-2.890,M,0,M,,
GNGGA,021634.000,3030.303810,N,11423.621222,E,1,11,1.032,-2.939,M,0,M,,
GNGGA,021635.000,3030.303654,N,11423.621399,E,1,11,1.032,-3.007,M,0,M,,
GNGGA,021636.000,3030.302997,N,11423.620641,E,1,11,1.032,-3.080,M,0,M,,
GNGGA,021637.000,3030.302661,N,11423.620570,E,1,11,1.032,-3.149,M,0,M,,
GNGGA,021638.000,3030.305718,N,11423.623865,E,1,11,1.032,2.977,M,0,M,,
GNGGA,021639.000,3030.306288,N,11423.622790,E,1,11,1.032,5.802,M,0,M,,
GNGGA,021711.580,3030.297270,N,11423.595462,E,1,05,5.445,-2.548,M,0,M,,
GNGGA,021712.330,3030.301111,N,11423.606701,E,1,05,5.444,-2.338,M,0,M,,
GNGGA,021713.080,3030.337725,N,11423.696756,E,1,05,5.444,-2.167,M,0,M,,
GNGGA,021714.000,3030.333598,N,11423.687059,E,1,05,5.443,-1.983,M,0,M,,
GNGGA,021715.000,3030.329131,N,11423.676220,E,1,05,5.442,-1.822,M,0,M,,
GNGGA,021716.000,3030.293275,N,11423.586063,E,1,07,2.758,-1.663,M,0,M,,
GNGGA,021717.000,3030.296683,N,11423.594080,E,1,07,2.758,-1.528,M,0,M,,
GNGGA,021718.000,3030.296920,N,11423.594080,E,1,07,2.758,-1.400,M,0,M,,
GNGGA,021719.000,3030.297920,N,11423.594696,E,1,07,2.758,-1.268,M,0,M,,
GNGGA,021720.000,3030.299689,N,11423.596211,E,1,07,2.758,-1.144,M,0,M,,
GNGGA,021815.537,3030.327655,N,11423.670891,E,1,06,14.216,-0.438,M,0,M,,
GNGGA,021816.287,3030.326629,N,11423.668903,E,1,07,1.796,0.173,M,0,M,,
GNGGA,021817.037,3030.325294,N,11423.664160,E,1,09,1.568,0.770,M,0,M,,
GNGGA,021818.000,3030.325240,N,11423.662652,E,1,10,1.144,1.376,M,0,M,,
GNGGA,021819.000,3030.325686,N,11423.664177,E,1,10,1.144,2.011,M,0,M,,
GNGGA,021820.000,3030.325841,N,11423.660760,E,1,10,1.144,2.603,M,0,M,,
GNGGA,021821.000,3030.322755,N,11423.650234,E,1,11,1.043,3.205,M,0,M,,
GNGGA,021822.000,3030.316980,N,11423.604495,E,1,11,1.043,60.769,M,0,M,,
GNGGA,021823.000,3030.316712,N,11423.600339,E,1,11,1.043,65.817,M,0,M,,
GNGGA,021824.000,3030.316250,N,11423.597593,E,1,11,1.043,68.320,M,0,M,,
GNGGA,021855.567,3030.337581,N,11423.682701,E,1,06,14.172,3.389,M,0,M,,
GNGGA,021856.317,3030.334213,N,11423.681194,E,1,07,5.154,3.651,M,0,M,,
GNGGA,021857.067,3030.321393,N,11423.649139,E,1,08,3.640,4.043,M,0,M,,
GNGGA,021858.000,3030.321774,N,11423.649481,E,1,08,3.639,4.418,M,0,M,,
GNGGA,021859.000,3030.322174,N,11423.650947,E,1,08,3.639,4.734,M,0,M,,
GNGGA,021900.000,3030.322422,N,11423.651127,E,1,10,1.278,5.040,M,0,M,,
GNGGA,021901.000,3030.322720,N,11423.651197,E,1,10,1.278,5.362,M,0,M,,
GNGGA,021902.000,3030.321745,N,11423.647521,E,1,10,1.278,5.707,M,0,M,,
GNGGA,021903.000,3030.321561,N,11423.646202,E,1,11,1.079,6.036,M,0,M,,
GNGGA,021904.000,3030.321144,N,11423.643646,E,1,12,1.021,6.347,M,0,M,,
GNGGA,021936.583,3030.312361,N,11423.631141,E,1,08,3.630,5.440,M,0,M,,
GNGGA,021937.333,3030.317393,N,11423.640670,E,1,08,3.629,6.049,M,0,M,,
GNGGA,021938.083,3030.322933,N,11423.656509,E,1,07,5.099,6.520,M,0,M,,
GNGGA,021939.000,3030.317979,N,11423.642809,E,1,08,3.629,7.091,M,0,M,,
GNGGA,021940.000,3030.317723,N,11423.607495,E,1,11,1.368,58.959,M,0,M,,
GNGGA,021941.000,3030.318329,N,11423.614493,E,1,11,1.368,53.364,M,0,M,,
GNGGA,021942.000,3030.317970,N,11423.613191,E,1,12,1.039,55.042,M,0,M,,
GNGGA,021943.000,3030.316970,N,11423.612994,E,1,12,1.039,54.092,M,0,M,,
GNGGA,021944.000,3030.316858,N,11423.611527,E,1,12,1.039,55.706,M,0,M,,
GNGGA,021945.000,3030.317094,N,11423.610469,E,1,12,1.039,57.170,M,0,M,,
GNGGA,022016.540,3030.351572,N,11423.695905,E,1,06,6.523,52.959,M,0,M,,
GNGGA,022017.290,3030.345369,N,11423.686550,E,1,06,14.068,52.616,M,0,M,,
GNGGA,022018.040,3030.321028,N,11423.625888,E,1,08,3.619,51.949,M,0,M,,
GNGGA,022019.000,3030.316915,N,11423.613400,E,1,07,5.047,51.290,M,0,M,,
GNGGA,022020.000,3030.313005,N,11423.602161,E,1,08,3.618,50.696,M,0,M,,
GNGGA,022021.000,3030.316109,N,11423.623710,E,1,10,1.137,25.208,M,0,M,,
GNGGA,022022.000,3030.317760,N,11423.629621,E,1,11,1.043,25.179,M,0,M,,
GNGGA,022023.000,3030.317961,N,11423.631700,E,1,11,1.043,25.168,M,0,M,,
GNGGA,022024.000,3030.317265,N,11423.632388,E,1,11,1.043,25.131,M,0,M,,
GNGGA,022025.000,3030.316876,N,11423.631896,E,1,12,1.039,25.147,M,0,M,,
GNGGA,022057.556,3030.310972,N,11423.623946,E,1,08,3.609,24.776,M,0,M,,
GNGGA,022058.306,3030.315860,N,11423.622910,E,1,08,3.608,24.729,M,0,M,,
GNGGA,022059.056,3030.316367,N,11423.627000,E,1,08,3.608,24.657,M,0,M,,
GNGGA,022100.000,3030.316107,N,11423.630454,E,1,08,3.608,24.559,M,0,M,,
GNGGA,022101.000,3030.317041,N,11423.634243,E,1,10,1.502,24.419,M,0,M,,
GNGGA,022102.000,3030.317709,N,11423.642150,E,1,10,1.502,15.484,M,0,M,,
GNGGA,022103.000,3030.317486,N,11423.643151,E,1,10,1.502,14.702,M,0,M,,
GNGGA,022104.000,3030.317362,N,11423.644434,E,1,11,1.366,13.331,M,0,M,,
GNGGA,022105.000,3030.316951,N,11423.645000,E,1,11,1.366,12.655,M,0,M,,
GNGGA,022106.000,3030.317390,N,11423.644693,E,1,11,1.366,13.512,M,0,M,,
GNGGA,022138.512,3030.331815,N,11423.678928,E,1,06,13.945,15.472,M,0,M,,
GNGGA,022139.262,3030.323093,N,11423.655345,E,1,06,13.944,15.423,M,0,M,,
GNGGA,022140.012,3030.323113,N,11423.648878,E,1,07,3.666,15.504,M,0,M,,
GNGGA,022141.000,3030.320418,N,11423.638504,E,1,07,3.666,15.598,M,0,M,,
GNGGA,022142.000,3030.319031,N,11423.624910,E,1,09,1.458,25.973,M,0,M,,
GNGGA,022143.000,3030.318942,N,11423.628946,E,1,10,1.193,23.906,M,0,M,,
GNGGA,022144.000,3030.318501,N,11423.629240,E,1,11,1.043,25.254,M,0,M,,
GNGGA,022145.000,3030.320476,N,11423.639238,E,1,11,1.043,25.084,M,0,M,,
GNGGA,022146.000,3030.318675,N,11423.635297,E,1,11,1.043,24.914,M,0,M,,
GNGGA,022147.000,3030.318659,N,11423.633997,E,1,11,1.043,24.776,M,0,M,,
GNGGA,022219.468,3030.334326,N,11423.690384,E,1,07,4.898,22.726,M,0,M,,
GNGGA,022220.218,3030.321158,N,11423.634220,E,1,08,3.586,22.400,M,0,M,,
GNGGA,022221.000,3030.321992,N,11423.628663,E,1,08,3.586,22.075,M,0,M,,
GNGGA,022222.000,3030.322817,N,11423.631941,E,1,08,3.586,21.802,M,0,M,,
GNGGA,022223.000,3030.323330,N,11423.635273,E,1,08,3.586,21.534,M,0,M,,
GNGGA,022224.000,3030.325137,N,11423.652672,E,1,10,2.130,3.271,M,0,M,,
GNGGA,022225.000,3030.325170,N,11423.651456,E,1,10,2.130,3.286,M,0,M,,
GNGGA,022226.000,3030.324571,N,11423.651380,E,1,10,2.130,3.267,M,0,M,,
GNGGA,022227.000,3030.323337,N,11423.651478,E,1,10,2.130,3.197,M,0,M,,
GNGGA,022228.000,3030.322630,N,11423.648801,E,1,10,2.130,3.145,M,0,M,,
GNGGA,022300.433,3030.311363,N,11423.650295,E,1,07,6.183,3.164,M,0,M,,
GNGGA,022301.183,3030.312339,N,11423.651196,E,1,08,3.575,3.109,M,0,M,,
GNGGA,022302.000,3030.311384,N,11423.646647,E,1,07,6.181,3.052,M,0,M,,
GNGGA,022303.000,3030.315529,N,11423.642444,E,1,08,3.575,3.031,M,0,M,,
GNGGA,022304.000,3030.318135,N,11423.639582,E,1,08,3.575,3.048,M,0,M,,
GNGGA,022305.000,3030.320954,N,11423.637818,E,1,09,2.269,3.123,M,0,M,,
GNGGA,022306.000,3030.320757,N,11423.637579,E,1,09,2.269,3.165,M,0,M,,
GNGGA,022307.000,3030.320630,N,11423.638597,E,1,09,2.269,3.172,M,0,M,,
GNGGA,022308.000,3030.320032,N,11423.637913,E,1,10,2.124,3.170,M,0,M,,
GNGGA,022309.000,3030.319455,N,11423.637641,E,1,11,1.362,3.171,M,0,M,,
GNGGA,022341.853,3030.317735,N,11423.627924,E,1,07,3.639,3.418,M,0,M,,
GNGGA,022342.603,3030.321741,N,11423.629466,E,1,08,3.564,3.576,M,0,M,,
GNGGA,022343.353,3030.322997,N,11423.630705,E,1,08,3.564,3.759,M,0,M,,
GNGGA,022344.103,3030.321119,N,11423.626029,E,1,08,3.563,3.919,M,0,M,,
GNGGA,022345.000,3030.319936,N,11423.619812,E,1,10,2.119,17.634,M,0,M,,
GNGGA,022346.000,3030.321004,N,11423.622971,E,1,10,2.119,17.739,M,0,M,,
GNGGA,022347.000,3030.320600,N,11423.623732,E,1,10,2.119,16.736,M,0,M,,
GNGGA,022348.000,3030.320939,N,11423.627554,E,1,10,2.119,15.318,M,0,M,,
GNGGA,022349.000,3030.318772,N,11423.623393,E,1,10,2.118,16.291,M,0,M,,
GNGGA,022350.000,3030.319095,N,11423.626655,E,1,11,1.220,14.957,M,0,M,,
GNGGA,022422.810,3030.331782,N,11423.656571,E,1,07,4.756,17.906,M,0,M,,
GNGGA,022423.560,3030.325719,N,11423.643310,E,1,07,4.755,17.833,M,0,M,,
GNGGA,022424.310,3030.320357,N,11423.630313,E,1,08,3.552,17.676,M,0,M,,
GNGGA,022425.060,3030.319613,N,11423.627543,E,1,09,1.293,17.536,M,0,M,,
GNGGA,022426.000,3030.320259,N,11423.627871,E,1,10,1.122,15.616,M,0,M,,
GNGGA,022427.000,3030.321789,N,11423.631737,E,1,10,1.122,15.536,M,0,M,,
GNGGA,022428.000,3030.322449,N,11423.632555,E,1,11,1.043,15.437,M,0,M,,
GNGGA,022429.000,3030.322573,N,11423.631870,E,1,11,1.043,15.325,M,0,M,,
GNGGA,022430.000,3030.322526,N,11423.630833,E,1,11,1.043,15.211,M,0,M,,
GNGGA,022431.000,3030.322426,N,11423.630787,E,1,11,1.043,15.066,M,0,M,,
GNGGA,022503.767,3030.318085,N,11423.632490,E,1,07,3.621,15.192,M,0,M,,
GNGGA,022504.517,3030.320257,N,11423.640150,E,1,08,3.541,15.303,M,0,M,,
GNGGA,022505.267,3030.319782,N,11423.636226,E,1,08,3.541,15.565,M,0,M,,
GNGGA,022506.017,3030.321003,N,11423.639310,E,1,08,3.541,15.856,M,0,M,,
GNGGA,022507.000,3030.320052,N,11423.636021,E,1,08,3.540,16.183,M,0,M,,
GNGGA,022508.000,3030.325641,N,11423.650691,E,1,08,1.529,16.521,M,0,M,,
GNGGA,022509.000,3030.321775,N,11423.637401,E,1,11,1.043,16.852,M,0,M,,
GNGGA,022510.000,3030.320571,N,11423.633571,E,1,11,1.043,17.109,M,0,M,,
GNGGA,022511.000,3030.320111,N,11423.627484,E,1,11,1.043,25.370,M,0,M,,
GNGGA,022512.000,3030.320040,N,11423.626424,E,1,11,1.043,25.821,M,0,M,,
GNGGA,022543.723,3030.323457,N,11423.635131,E,1,06,6.615,16.335,M,0,M,,
GNGGA,022544.473,3030.321157,N,11423.624976,E,1,07,4.666,16.362,M,0,M,,
GNGGA,022545.223,3030.323451,N,11423.633169,E,1,08,3.530,16.381,M,0,M,,
GNGGA,022546.000,3030.322080,N,11423.629451,E,1,08,3.529,16.667,M,0,M,,
GNGGA,022547.000,3030.321860,N,11423.629515,E,1,08,3.529,16.884,M,0,M,,
GNGGA,022548.000,3030.322370,N,11423.630627,E,1,09,2.260,17.109,M,0,M,,
GNGGA,022549.000,3030.322518,N,11423.630943,E,1,10,2.103,17.316,M,0,M,,
GNGGA,022550.000,3030.322424,N,11423.628664,E,1,10,2.103,21.481,M,0,M,,
GNGGA,022551.000,3030.321874,N,11423.629303,E,1,10,2.103,18.722,M,0,M,,
GNGGA,022552.000,3030.321520,N,11423.628932,E,1,10,2.103,16.440,M,0,M,,
GNGGA,022624.741,3030.323878,N,11423.635758,E,1,08,3.518,16.942,M,0,M,,
GNGGA,022625.491,3030.320773,N,11423.629535,E,1,08,3.518,16.920,M,0,M,,
GNGGA,022626.241,3030.320898,N,11423.629639,E,1,08,3.518,16.868,M,0,M,,
GNGGA,022627.000,3030.321063,N,11423.630248,E,1,08,3.518,16.819,M,0,M,,
GNGGA,022628.000,3030.321733,N,11423.632091,E,1,08,3.517,16.773,M,0,M,,
GNGGA,022629.000,3030.322171,N,11423.634896,E,1,08,3.517,16.691,M,0,M,,
GNGGA,022630.000,3030.321581,N,11423.634432,E,1,07,5.976,16.598,M,0,M,,
GNGGA,022631.000,3030.321114,N,11423.633556,E,1,08,3.516,16.479,M,0,M,,
GNGGA,022632.000,3030.320660,N,11423.632361,E,1,09,2.258,16.353,M,0,M,,
GNGGA,022633.000,3030.321217,N,11423.633543,E,1,09,2.258,16.246,M,0,M,,
GNGGA,022704.695,3030.324593,N,11423.626151,E,1,07,4.582,17.177,M,0,M,,
GNGGA,022705.445,3030.322824,N,11423.627975,E,1,07,4.582,17.103,M,0,M,,
GNGGA,022706.195,3030.320405,N,11423.620727,E,1,08,3.506,16.931,M,0,M,,
GNGGA,022707.000,3030.320699,N,11423.622348,E,1,08,3.506,16.870,M,0,M,,
GNGGA,022708.000,3030.320864,N,11423.622841,E,1,08,3.506,16.807,M,0,M,,
GNGGA,022709.000,3030.321776,N,11423.626650,E,1,10,2.093,13.535,M,0,M,,
GNGGA,022710.000,3030.321741,N,11423.626608,E,1,10,2.093,13.576,M,0,M,,
GNGGA,022711.000,3030.321600,N,11423.627599,E,1,10,2.093,13.616,M,0,M,,
GNGGA,022712.000,3030.321573,N,11423.628738,E,1,10,2.093,13.671,M,0,M,,
GNGGA,022713.000,3030.321065,N,11423.629123,E,1,10,2.093,13.688,M,0,M,,
GNGGA,022745.713,3030.324748,N,11423.633042,E,1,08,3.495,12.878,M,0,M,,
GNGGA,022746.463,3030.322640,N,11423.625704,E,1,08,3.495,12.593,M,0,M,,
GNGGA,022747.213,3030.324366,N,11423.630195,E,1,08,3.494,12.376,M,0,M,,
GNGGA,022748.000,3030.324647,N,11423.630077,E,1,08,3.494,12.173,M,0,M,,
GNGGA,022749.000,3030.325337,N,11423.631245,E,1,08,3.494,11.991,M,0,M,,
GNGGA,022750.000,3030.325453,N,11423.630958,E,1,08,3.494,11.818,M,0,M,,
GNGGA,022751.000,3030.325301,N,11423.630527,E,1,08,3.493,11.625,M,0,M,,
GNGGA,022752.000,3030.325325,N,11423.629796,E,1,08,3.493,11.425,M,0,M,,
GNGGA,022753.000,3030.326825,N,11423.637503,E,1,09,2.410,-7.542,M,0,M,,
GNGGA,022754.000,3030.327162,N,11423.639033,E,1,09,2.410,-7.548,M,0,M,,
GNGGA,022825.668,3030.317802,N,11423.633183,E,1,06,6.286,11.646,M,0,M,,
GNGGA,022826.418,3030.314228,N,11423.631064,E,1,07,4.500,11.494,M,0,M,,
GNGGA,022827.168,3030.316258,N,11423.635936,E,1,08,3.483,11.414,M,0,M,,
GNGGA,022828.000,3030.317916,N,11423.638300,E,1,08,3.483,11.492,M,0,M,,
GNGGA,022829.000,3030.317778,N,11423.637218,E,1,08,3.482,11.557,M,0,M,,
GNGGA,022830.000,3030.319736,N,11423.638416,E,1,08,3.482,11.756,M,0,M,,
GNGGA,022831.000,3030.319197,N,11423.637165,E,1,08,3.482,11.889,M,0,M,,
GNGGA,022832.000,3030.319447,N,11423.636590,E,1,08,3.481,12.009,M,0,M,,
GNGGA,022833.000,3030.321506,N,11423.630377,E,1,09,2.253,12.179,M,0,M,,
GNGGA,022834.000,3030.319794,N,11423.630302,E,1,09,2.253,12.240,M,0,M,,
GNGGA,022905.680,3030.398007,N,11423.618656,E,1,06,4.831,11.935,M,0,M,,
GNGGA,022906.430,3030.408563,N,11423.619723,E,1,10,1.327,32.788,M,0,M,,
GNGGA,022907.180,3030.409895,N,11423.620539,E,1,11,1.205,54.723,M,0,M,,
GNGGA,022908.000,3030.413606,N,11423.606536,E,1,12,1.106,42.569,M,0,M,,
GNGGA,022909.000,3030.416832,N,11423.605979,E,1,12,1.106,41.062,M,0,M,,
GNGGA,022910.000,3030.422672,N,11423.609863,E,1,12,1.106,40.598,M,0,M,,
GNGGA,022911.000,3030.425793,N,11423.612411,E,1,13,0.901,40.252,M,0,M,,
GNGGA,022912.000,3030.429411,N,11423.613895,E,1,14,0.876,37.389,M,0,M,,
GNGGA,022913.000,3030.432056,N,11423.613577,E,1,14,0.876,32.228,M,0,M,,
GNGGA,022914.000,3030.434957,N,11423.615546,E,1,14,0.876,32.162,M,0,M,,
GNGGA,022945.555,3030.514087,N,11423.687104,E,1,09,2.133,25.702,M,0,M,,
GNGGA,022946.305,3030.517287,N,11423.686758,E,1,09,2.132,28.821,M,0,M,,
GNGGA,022947.055,3030.520541,N,11423.686800,E,1,11,1.317,24.662,M,0,M,,
GNGGA,022948.000,3030.523387,N,11423.682999,E,1,12,1.232,30.281,M,0,M,,
GNGGA,022949.000,3030.528412,N,11423.682610,E,1,13,0.982,28.530,M,0,M,,
GNGGA,022950.000,3030.531934,N,11423.682336,E,1,13,0.982,27.880,M,0,M,,
GNGGA,022951.000,3030.535154,N,11423.682277,E,1,13,0.982,22.856,M,0,M,,
GNGGA,022952.000,3030.538189,N,11423.682288,E,1,14,0.877,19.683,M,0,M,,
GNGGA,022953.000,3030.540317,N,11423.682244,E,1,14,0.877,20.896,M,0,M,,
GNGGA,022954.000,3030.542622,N,11423.682490,E,1,14,0.877,22.885,M,0,M,,
GNGGA,023026.824,3030.563061,N,11423.575537,E,1,10,1.217,37.652,M,0,M,,
GNGGA,023027.574,3030.564329,N,11423.570587,E,1,12,1.001,44.223,M,0,M,,
GNGGA,023028.324,3030.563199,N,11423.569440,E,1,12,1.001,37.116,M,0,M,,
GNGGA,023029.074,3030.562789,N,11423.568462,E,1,12,1.001,33.397,M,0,M,,
GNGGA,023030.000,3030.562406,N,11423.564445,E,1,14,0.878,40.942,M,0,M,,
GNGGA,023031.000,3030.562213,N,11423.560566,E,1,14,0.878,49.115,M,0,M,,
GNGGA,023032.000,3030.562003,N,11423.559226,E,1,14,0.878,43.918,M,0,M,,
GNGGA,023033.000,3030.559732,N,11423.556554,E,1,14,0.878,51.658,M,0,M,,
GNGGA,023034.000,3030.555661,N,11423.564819,E,1,14,0.878,27.528,M,0,M,,
GNGGA,023035.000,3030.553638,N,11423.562352,E,1,14,0.878,27.620,M,0,M,,
GNGGA,023106.781,3030.594838,N,11423.413560,E,1,09,1.809,25.711,M,0,M,,
GNGGA,023107.531,3030.597464,N,11423.415146,E,1,09,1.809,13.094,M,0,M,,
GNGGA,023108.281,3030.600176,N,11423.412643,E,1,09,1.809,12.846,M,0,M,,
GNGGA,023109.031,3030.602471,N,11423.405012,E,1,10,1.533,16.201,M,0,M,,
GNGGA,023110.000,3030.605673,N,11423.399741,E,1,11,1.241,13.382,M,0,M,,
GNGGA,023111.000,3030.608860,N,11423.394274,E,1,12,1.087,15.096,M,0,M,,
GNGGA,023112.000,3030.612232,N,11423.389696,E,1,12,1.087,15.961,M,0,M,,
GNGGA,023113.000,3030.615862,N,11423.384903,E,1,12,1.087,17.089,M,0,M,,
GNGGA,023114.000,3030.619134,N,11423.379773,E,1,13,0.983,15.883,M,0,M,,
GNGGA,023115.000,3030.623042,N,11423.375981,E,1,13,0.983,18.380,M,0,M,,
GNGGA,023146.770,3030.749658,N,11423.223624,E,1,05,10.118,15.146,M,0,M,,
GNGGA,023147.520,3030.760406,N,11423.220516,E,1,09,1.468,15.176,M,0,M,,
GNGGA,023148.270,3030.764431,N,11423.214396,E,1,11,1.196,36.843,M,0,M,,
GNGGA,023149.020,3030.770478,N,11423.209951,E,1,11,1.196,25.749,M,0,M,,
GNGGA,023150.000,3030.776476,N,11423.203948,E,1,11,1.195,23.175,M,0,M,,
GNGGA,023151.000,3030.782386,N,11423.197662,E,1,12,1.085,20.775,M,0,M,,
GNGGA,023152.000,3030.788699,N,11423.191299,E,1,12,1.085,20.047,M,0,M,,
GNGGA,023153.000,3030.795230,N,11423.184937,E,1,12,1.085,16.372,M,0,M,,
GNGGA,023154.000,3030.801566,N,11423.178145,E,1,12,1.085,15.670,M,0,M,,
GNGGA,023155.000,3030.807808,N,11423.171070,E,1,12,1.085,14.011,M,0,M,,
GNGGA,023226.782,3030.873815,N,11423.096282,E,1,06,4.015,20.801,M,0,M,,
GNGGA,023227.532,3030.869950,N,11423.094682,E,1,09,1.463,35.111,M,0,M,,
GNGGA,023228.282,3030.869073,N,11423.094425,E,1,12,0.999,35.111,M,0,M,,
GNGGA,023229.032,3030.870293,N,11423.092082,E,1,12,0.999,33.224,M,0,M,,
GNGGA,023230.000,3030.870643,N,11423.092742,E,1,12,0.999,30.908,M,0,M,,
GNGGA,023231.000,3030.872921,N,11423.095024,E,1,12,0.999,17.160,M,0,M,,
GNGGA,023232.000,3030.873124,N,11423.095638,E,1,12,0.999,18.632,M,0,M,,
GNGGA,023233.000,3030.873772,N,11423.095653,E,1,12,0.999,17.634,M,0,M,,
GNGGA,023234.000,3030.871570,N,11423.093951,E,1,12,0.999,24.598,M,0,M,,
GNGGA,023235.000,3030.874531,N,11423.094951,E,1,12,0.999,10.802,M,0,M,,
GNGGA,023306.794,3030.988129,N,11422.965285,E,1,08,2.330,18.056,M,0,M,,
GNGGA,023307.544,3030.991537,N,11422.964121,E,1,10,1.348,21.683,M,0,M,,
GNGGA,023308.294,3030.997354,N,11422.957050,E,1,12,1.150,12.192,M,0,M,,
GNGGA,023309.044,3031.000997,N,11422.951159,E,1,12,1.150,11.012,M,0,M,,
GNGGA,023310.000,3031.004442,N,11422.946350,E,1,12,1.150,16.988,M,0,M,,
GNGGA,023311.000,3031.008450,N,11422.941685,E,1,13,0.980,18.137,M,0,M,,
GNGGA,023312.000,3031.011605,N,11422.936463,E,1,13,0.980,18.533,M,0,M,,
GNGGA,023313.000,3031.014199,N,11422.933412,E,1,13,0.980,22.004,M,0,M,,
GNGGA,023314.000,3031.017162,N,11422.930429,E,1,13,0.980,27.828,M,0,M,,
GNGGA,023315.000,3031.019879,N,11422.925391,E,1,13,0.980,23.604,M,0,M,,
GNGGA,023346.550,3031.068941,N,11422.820252,E,1,08,2.326,19.213,M,0,M,,
GNGGA,023347.300,3031.071742,N,11422.820400,E,1,10,1.509,29.687,M,0,M,,
GNGGA,023348.050,3031.072040,N,11422.817069,E,1,11,1.232,20.307,M,0,M,,
GNGGA,023349.000,3031.073522,N,11422.814959,E,1,12,1.081,12.489,M,0,M,,
GNGGA,023350.000,3031.073907,N,11422.812071,E,1,12,1.081,12.985,M,0,M,,
GNGGA,023351.000,3031.074516,N,11422.809003,E,1,13,0.979,14.956,M,0,M,,
GNGGA,023352.000,3031.075564,N,11422.806366,E,1,14,0.946,12.939,M,0,M,,
GNGGA,023353.000,3031.076317,N,11422.803241,E,1,14,0.946,10.951,M,0,M,,
GNGGA,023354.000,3031.077499,N,11422.800290,E,1,15,0.855,9.612,M,0,M,,
GNGGA,023355.000,3031.078671,N,11422.796018,E,1,15,0.855,10.576,M,0,M,,
GNGGA,023426.567,3031.123032,N,11422.597198,E,1,06,3.835,15.741,M,0,M,,
GNGGA,023427.317,3031.117540,N,11422.609548,E,1,09,1.545,17.726,M,0,M,,
GNGGA,023428.067,3031.118108,N,11422.609008,E,1,11,1.360,33.413,M,0,M,,
GNGGA,023429.000,3031.122024,N,11422.609013,E,1,10,1.405,34.194,M,0,M,,
GNGGA,023430.000,3031.121879,N,11422.609123,E,1,12,1.079,30.895,M,0,M,,
GNGGA,023431.000,3031.121505,N,11422.607641,E,1,13,0.978,35.758,M,0,M,,
GNGGA,023432.000,3031.122085,N,11422.605565,E,1,14,0.883,37.509,M,0,M,,
GNGGA,023433.000,3031.122219,N,11422.603405,E,1,14,0.884,35.941,M,0,M,,
GNGGA,023434.000,3031.122854,N,11422.600974,E,1,15,0.855,31.726,M,0,M,,
GNGGA,023435.000,3031.123633,N,11422.599361,E,1,15,0.855,23.343,M,0,M,,
GNGGA,023506.564,3031.169559,N,11422.385016,E,1,07,2.996,33.577,M,0,M,,
GNGGA,023507.314,3031.171363,N,11422.382171,E,1,11,1.685,10.436,M,0,M,,
GNGGA,023508.064,3031.173892,N,11422.375833,E,1,08,1.086,10.352,M,0,M,,
GNGGA,023509.000,3031.173383,N,11422.366611,E,1,09,1.086,10.551,M,0,M,,
GNGGA,023510.000,3031.176350,N,11422.357192,E,1,10,1.070,10.677,M,0,M,,
GNGGA,023511.000,3031.180784,N,11422.343598,E,1,13,0.977,28.198,M,0,M,,
GNGGA,023512.000,3031.182325,N,11422.334743,E,1,13,0.977,26.623,M,0,M,,
GNGGA,023513.000,3031.183819,N,11422.326095,E,1,13,0.977,28.097,M,0,M,,
GNGGA,023514.000,3031.186083,N,11422.316604,E,1,13,0.977,26.475,M,0,M,,
GNGGA,023515.000,3031.188518,N,11422.307051,E,1,13,0.977,24.873,M,0,M,,
GNGGA,023546.835,3031.256817,N,11422.020827,E,1,05,3.076,25.821,M,0,M,,
GNGGA,023547.585,3031.255287,N,11422.017107,E,1,06,2.407,25.345,M,0,M,,
GNGGA,023548.335,3031.257683,N,11422.012385,E,1,10,1.498,11.222,M,0,M,,
GNGGA,023549.085,3031.260106,N,11422.006020,E,1,10,1.078,11.177,M,0,M,,
GNGGA,023550.000,3031.261519,N,11421.997907,E,1,09,1.085,11.137,M,0,M,,
GNGGA,023551.000,3031.263510,N,11421.988697,E,1,09,1.085,11.134,M,0,M,,
GNGGA,023552.000,3031.265156,N,11421.979508,E,1,09,1.085,11.137,M,0,M,,
GNGGA,023553.000,3031.266846,N,11421.970597,E,1,13,0.976,9.229,M,0,M,,
GNGGA,023554.000,3031.268969,N,11421.962277,E,1,13,0.976,4.019,M,0,M,,
GNGGA,023555.000,3031.271283,N,11421.952863,E,1,13,0.976,3.478,M,0,M,,
GNGGA,023627.541,3031.391047,N,11421.681156,E,1,06,1.832,11.513,M,0,M,,
GNGGA,023628.291,3031.396025,N,11421.677464,E,1,07,1.275,11.578,M,0,M,,
GNGGA,023629.041,3031.395221,N,11421.671097,E,1,12,1.075,20.090,M,0,M,,
GNGGA,023630.000,3031.399001,N,11421.666826,E,1,12,1.075,18.803,M,0,M,,
GNGGA,023631.000,3031.402252,N,11421.661550,E,1,13,0.975,18.483,M,0,M,,
GNGGA,023632.000,3031.405681,N,11421.655916,E,1,13,0.975,17.147,M,0,M,,
GNGGA,023633.000,3031.409811,N,11421.649782,E,1,13,0.975,15.384,M,0,M,,
GNGGA,023634.000,3031.414820,N,11421.642930,E,1,13,0.975,15.841,M,0,M,,
GNGGA,023635.000,3031.419682,N,11421.635990,E,1,12,1.224,15.231,M,0,M,,
GNGGA,023636.000,3031.425016,N,11421.629490,E,1,12,1.224,15.698,M,0,M,,
GNGGA,023707.713,3031.580509,N,11421.408191,E,1,05,9.795,17.530,M,0,M,,
GNGGA,023708.463,3031.587725,N,11421.397864,E,1,07,2.614,17.629,M,0,M,,
GNGGA,023709.213,3031.586997,N,11421.392402,E,1,12,1.004,23.066,M,0,M,,
GNGGA,023710.000,3031.586835,N,11421.386906,E,1,13,0.974,26.213,M,0,M,,
GNGGA,023711.000,3031.588374,N,11421.379924,E,1,13,0.974,28.290,M,0,M,,
GNGGA,023712.000,3031.590571,N,11421.373416,E,1,13,0.974,40.054,M,0,M,,
GNGGA,023713.000,3031.595820,N,11421.367318,E,1,13,0.974,27.401,M,0,M,,
GNGGA,023714.000,3031.599762,N,11421.360374,E,1,13,0.973,29.532,M,0,M,,
GNGGA,023715.000,3031.604056,N,11421.353256,E,1,13,0.973,18.799,M,0,M,,
GNGGA,023716.000,3031.608641,N,11421.346910,E,1,13,0.973,7.834,M,0,M,,
GNGGA,023747.413,3031.676347,N,11421.107855,E,1,06,4.179,39.569,M,0,M,,
GNGGA,023748.163,3031.685297,N,11421.105187,E,1,10,1.425,20.685,M,0,M,,
GNGGA,023749.000,3031.685849,N,11421.096011,E,1,10,1.426,10.179,M,0,M,,
GNGGA,023750.000,3031.694180,N,11421.089743,E,1,11,1.308,15.601,M,0,M,,
GNGGA,023751.000,3031.697530,N,11421.081804,E,1,11,1.308,0.402,M,0,M,,
GNGGA,023752.000,3031.698946,N,11421.074735,E,1,12,1.141,4.387,M,0,M,,
GNGGA,023753.000,3031.699648,N,11421.068063,E,1,12,1.141,12.802,M,0,M,,
GNGGA,023754.000,3031.700746,N,11421.062497,E,1,12,1.141,10.947,M,0,M,,
GNGGA,023755.000,3031.702417,N,11421.057330,E,1,13,0.972,8.610,M,0,M,,
GNGGA,023756.000,3031.703852,N,11421.052424,E,1,12,1.072,11.558,M,0,M,,
GNGGA,023827.421,3031.733782,N,11420.961032,E,1,08,2.213,6.497,M,0,M,,
GNGGA,023828.171,3031.733115,N,11420.956347,E,1,09,1.919,25.982,M,0,M,,
GNGGA,023829.000,3031.731828,N,11420.956308,E,1,09,1.918,14.791,M,0,M,,
GNGGA,023830.000,3031.732190,N,11420.952984,E,1,09,1.918,25.285,M,0,M,,
GNGGA,023831.000,3031.732429,N,11420.949656,E,1,09,1.917,25.670,M,0,M,,
GNGGA,023832.000,3031.733095,N,11420.946445,E,1,12,1.001,25.042,M,0,M,,
GNGGA,023833.000,3031.733906,N,11420.943759,E,1,12,1.001,27.198,M,0,M,,
GNGGA,023834.000,3031.734764,N,11420.941682,E,1,12,1.001,26.510,M,0,M,,
GNGGA,023835.000,3031.734848,N,11420.939548,E,1,13,0.916,23.358,M,0,M,,
GNGGA,023836.000,3031.735404,N,11420.937498,E,1,13,0.916,22.203,M,0,M,,
GNGGA,023931.704,3031.979069,N,11421.032196,E,1,05,2.662,24.913,M,0,M,,
GNGGA,023932.454,3031.978597,N,11421.039504,E,1,05,2.662,24.774,M,0,M,,
GNGGA,023933.204,3031.989725,N,11421.035028,E,1,05,2.662,24.781,M,0,M,,
GNGGA,023934.000,3031.997877,N,11421.028567,E,1,06,1.782,24.725,M,0,M,,
GNGGA,023935.000,3031.995940,N,11421.044220,E,1,07,1.266,24.651,M,0,M,,
GNGGA,023936.000,3031.999424,N,11421.047112,E,1,07,1.266,24.540,M,0,M,,
GNGGA,023937.000,3032.003027,N,11421.055817,E,1,07,1.265,24.635,M,0,M,,
GNGGA,023938.000,3032.009180,N,11421.050386,E,1,07,1.265,23.935,M,0,M,,
GNGGA,023939.000,3032.017874,N,11421.051122,E,1,07,1.265,23.819,M,0,M,,
GNGGA,023940.000,3032.022922,N,11421.055165,E,1,07,1.265,23.712,M,0,M,,
GNGGA,024016.397,3032.098091,N,11421.063296,E,1,05,3.257,24.553,M,0,M,,
GNGGA,024017.147,3032.102772,N,11421.052933,E,1,05,3.258,24.497,M,0,M,,
GNGGA,024018.000,3032.109417,N,11421.041999,E,1,07,1.280,24.782,M,0,M,,
GNGGA,024019.000,3032.106347,N,11421.049595,E,1,07,1.280,24.763,M,0,M,,
GNGGA,024020.000,3032.106616,N,11421.049890,E,1,07,1.280,24.749,M,0,M,,
GNGGA,024021.000,3032.107825,N,11421.048937,E,1,07,1.280,24.762,M,0,M,,
GNGGA,024022.000,3032.107973,N,11421.048223,E,1,07,1.280,24.786,M,0,M,,
GNGGA,024023.000,3032.106921,N,11421.048422,E,1,07,1.280,24.817,M,0,M,,
GNGGA,024024.000,3032.104432,N,11421.050883,E,1,07,1.280,24.823,M,0,M,,
GNGGA,024025.000,3032.103533,N,11421.051623,E,1,07,1.280,24.833,M,0,M,,
GNGGA,024159.543,3032.505773,N,11420.913246,E,1,06,2.450,24.502,M,0,M,,
GNGGA,024200.293,3032.508006,N,11420.911949,E,1,06,2.451,24.280,M,0,M,,
GNGGA,024201.043,3032.506981,N,11420.907353,E,1,07,1.652,23.977,M,0,M,,
GNGGA,024202.000,3032.507628,N,11420.903819,E,1,07,1.652,23.741,M,0,M,,
GNGGA,024203.000,3032.505861,N,11420.899043,E,1,08,1.079,23.513,M,0,M,,
GNGGA,024204.000,3032.507085,N,11420.895129,E,1,08,1.078,23.320,M,0,M,,
GNGGA,024205.000,3032.508179,N,11420.891263,E,1,08,1.078,23.196,M,0,M,,
GNGGA,024206.000,3032.509712,N,11420.886994,E,1,08,1.078,23.057,M,0,M,,
GNGGA,024207.000,3032.511552,N,11420.882111,E,1,08,1.078,22.892,M,0,M,,
GNGGA,024208.000,3032.513309,N,11420.877018,E,1,08,1.078,22.695,M,0,M,,
GNGGA,024239.387,3032.580218,N,11420.648878,E,1,08,2.290,23.850,M,0,M,,
GNGGA,024240.137,3032.585197,N,11420.644875,E,1,09,2.036,28.453,M,0,M,,
GNGGA,024241.000,3032.586177,N,11420.635140,E,1,09,2.036,25.198,M,0,M,,
GNGGA,024242.000,3032.585888,N,11420.627952,E,1,11,1.165,25.467,M,0,M,,
GNGGA,024243.000,3032.589292,N,11420.620593,E,1,11,1.165,24.970,M,0,M,,
GNGGA,024244.000,3032.591965,N,11420.613553,E,1,13,0.965,26.913,M,0,M,,
GNGGA,024245.000,3032.595223,N,11420.605901,E,1,13,0.965,23.534,M,0,M,,
GNGGA,024246.000,3032.597362,N,11420.599643,E,1,13,0.965,24.217,M,0,M,,
GNGGA,024247.000,3032.599482,N,11420.595147,E,1,13,0.965,22.043,M,0,M,,
GNGGA,024248.000,3032.600391,N,11420.590594,E,1,13,0.965,23.522,M,0,M,,
GNGGA,024319.461,3032.604959,N,11420.572927,E,1,08,2.266,19.624,M,0,M,,
GNGGA,024320.211,3032.609478,N,11420.577530,E,1,08,2.266,18.862,M,0,M,,
GNGGA,024321.000,3032.608489,N,11420.575968,E,1,11,1.279,6.460,M,0,M,,
GNGGA,024322.000,3032.609827,N,11420.574624,E,1,11,1.278,15.723,M,0,M,,
GNGGA,024323.000,3032.609761,N,11420.573489,E,1,12,1.184,20.377,M,0,M,,
GNGGA,024324.000,3032.609636,N,11420.573659,E,1,12,1.184,21.953,M,0,M,,
GNGGA,024325.000,3032.609384,N,11420.575476,E,1,12,1.184,15.831,M,0,M,,
GNGGA,024326.000,3032.609071,N,11420.574722,E,1,12,1.184,17.960,M,0,M,,
GNGGA,024327.000,3032.608770,N,11420.574945,E,1,12,1.184,17.467,M,0,M,,
GNGGA,024328.000,3032.608648,N,11420.575095,E,1,12,1.184,15.722,M,0,M,,
GNGGA,024359.477,3032.641383,N,11420.452400,E,1,07,2.884,21.044,M,0,M,,
GNGGA,024400.227,3032.647908,N,11420.451433,E,1,09,1.487,12.266,M,0,M,,
GNGGA,024401.000,3032.649009,N,11420.446903,E,1,10,1.450,16.518,M,0,M,,
GNGGA,024402.000,3032.650235,N,11420.440617,E,1,10,1.450,19.112,M,0,M,,
GNGGA,024403.000,3032.652317,N,11420.434274,E,1,11,1.273,19.139,M,0,M,,
GNGGA,024404.000,3032.655050,N,11420.427431,E,1,12,1.061,21.522,M,0,M,,
GNGGA,024405.000,3032.658633,N,11420.420836,E,1,12,1.061,23.956,M,0,M,,
GNGGA,024406.000,3032.659522,N,11420.413460,E,1,12,1.061,26.013,M,0,M,,
GNGGA,024407.000,3032.660958,N,11420.405968,E,1,11,1.162,25.360,M,0,M,,
GNGGA,024408.000,3032.660573,N,11420.398040,E,1,11,1.162,26.018,M,0,M,,
GNGGA,024440.429,3032.718586,N,11420.279339,E,1,07,2.891,21.521,M,0,M,,
GNGGA,024441.179,3032.723141,N,11420.279451,E,1,08,1.533,21.517,M,0,M,,
GNGGA,024442.000,3032.725650,N,11420.280266,E,1,09,1.443,21.543,M,0,M,,
GNGGA,024443.000,3032.733734,N,11420.277721,E,1,09,1.443,21.544,M,0,M,,
GNGGA,024444.000,3032.737660,N,11420.279037,E,1,10,1.285,21.545,M,0,M,,
GNGGA,024445.000,3032.741930,N,11420.280386,E,1,10,1.285,21.553,M,0,M,,
GNGGA,024446.000,3032.745901,N,11420.282225,E,1,10,1.285,21.577,M,0,M,,
GNGGA,024447.000,3032.750617,N,11420.284362,E,1,11,1.160,21.597,M,0,M,,
GNGGA,024448.000,3032.754482,N,11420.285925,E,1,12,0.989,21.598,M,0,M,,
GNGGA,024449.000,3032.758785,N,11420.286884,E,1,12,0.989,21.592,M,0,M,,
GNGGA,024520.768,3032.828558,N,11420.300730,E,1,07,2.772,22.181,M,0,M,,
GNGGA,024521.518,3032.827323,N,11420.309378,E,1,10,1.453,9.250,M,0,M,,
GNGGA,024522.268,3032.825373,N,11420.312916,E,1,09,2.001,8.855,M,0,M,,
GNGGA,024523.018,3032.833643,N,11420.305056,E,1,10,1.453,22.376,M,0,M,,
GNGGA,024524.000,3032.834863,N,11420.306012,E,1,10,1.453,17.855,M,0,M,,
GNGGA,024525.000,3032.838638,N,11420.307169,E,1,12,0.988,13.707,M,0,M,,
GNGGA,024526.000,3032.838989,N,11420.308954,E,1,12,0.988,9.314,M,0,M,,
GNGGA,024527.000,3032.840019,N,11420.309414,E,1,12,0.988,8.118,M,0,M,,
GNGGA,024528.000,3032.842360,N,11420.304555,E,1,12,0.988,28.970,M,0,M,,
GNGGA,024529.000,3032.844484,N,11420.302916,E,1,12,0.988,29.861,M,0,M,,
GNGGA,024600.786,3032.853978,N,11420.121299,E,1,07,2.755,12.704,M,0,M,,
GNGGA,024601.536,3032.847878,N,11420.113968,E,1,08,2.334,12.618,M,0,M,,
GNGGA,024602.286,3032.850122,N,11420.109643,E,1,08,1.612,12.603,M,0,M,,
GNGGA,024603.036,3032.854270,N,11420.100533,E,1,10,1.275,31.925,M,0,M,,
GNGGA,024604.000,3032.854056,N,11420.093952,E,1,11,1.263,22.767,M,0,M,,
GNGGA,024605.000,3032.852900,N,11420.087151,E,1,11,1.263,26.691,M,0,M,,
GNGGA,024606.000,3032.852220,N,11420.081810,E,1,12,1.009,26.314,M,0,M,,
GNGGA,024607.000,3032.852223,N,11420.076004,E,1,13,0.959,25.418,M,0,M,,
GNGGA,024608.000,3032.852611,N,11420.070842,E,1,13,0.959,21.223,M,0,M,,
GNGGA,024609.000,3032.853663,N,11420.065727,E,1,13,0.959,19.957,M,0,M,,
GNGGA,024640.536,3032.917597,N,11419.947976,E,1,07,2.377,26.986,M,0,M,,
GNGGA,024641.286,3032.920876,N,11419.944401,E,1,10,1.442,30.139,M,0,M,,
GNGGA,024642.036,3032.922772,N,11419.942292,E,1,10,1.442,44.892,M,0,M,,
GNGGA,024643.000,3032.924872,N,11419.942478,E,1,10,1.442,48.925,M,0,M,,
GNGGA,024644.000,3032.927692,N,11419.943615,E,1,11,1.377,52.389,M,0,M,,
GNGGA,024645.000,3032.931714,N,11419.945880,E,1,13,0.958,51.769,M,0,M,,
GNGGA,024646.000,3032.936000,N,11419.948600,E,1,13,0.958,48.727,M,0,M,,
GNGGA,024647.000,3032.940427,N,11419.951464,E,1,13,0.958,47.278,M,0,M,,
GNGGA,024648.000,3032.945184,N,11419.954052,E,1,13,0.958,46.217,M,0,M,,
GNGGA,024649.000,3032.950745,N,11419.957030,E,1,13,0.958,46.184,M,0,M,,
GNGGA,024720.748,3033.112372,N,11420.026806,E,1,05,4.956,50.973,M,0,M,,
GNGGA,024721.498,3033.104782,N,11420.033761,E,1,09,1.932,51.050,M,0,M,,
GNGGA,024722.248,3033.119535,N,11420.027821,E,1,10,1.455,28.035,M,0,M,,
GNGGA,024723.000,3033.121369,N,11420.031130,E,1,10,1.455,28.062,M,0,M,,
GNGGA,024724.000,3033.121816,N,11420.034552,E,1,11,1.105,33.910,M,0,M,,
GNGGA,024725.000,3033.126138,N,11420.036559,E,1,12,1.055,33.302,M,0,M,,
GNGGA,024726.000,3033.130152,N,11420.037312,E,1,12,1.055,41.167,M,0,M,,
GNGGA,024727.000,3033.133553,N,11420.042345,E,1,12,1.055,34.997,M,0,M,,
GNGGA,024728.000,3033.137316,N,11420.048486,E,1,13,0.957,31.475,M,0,M,,
GNGGA,024729.000,3033.141678,N,11420.051445,E,1,13,0.957,35.895,M,0,M,,
GNGGA,024802.450,3033.255369,N,11420.110157,E,1,08,1.464,33.289,M,0,M,,
GNGGA,024803.200,3033.257926,N,11420.116853,E,1,08,1.390,33.334,M,0,M,,
GNGGA,024804.000,3033.259186,N,11420.113863,E,1,08,1.390,33.341,M,0,M,,
GNGGA,024805.000,3033.259897,N,11420.113651,E,1,12,0.983,33.372,M,0,M,,
GNGGA,024806.000,3033.261148,N,11420.115508,E,1,12,0.983,33.428,M,0,M,,
GNGGA,024807.000,3033.263287,N,11420.117760,E,1,13,0.956,50.947,M,0,M,,
GNGGA,024808.000,3033.264177,N,11420.118342,E,1,12,0.988,51.634,M,0,M,,
GNGGA,024809.000,3033.265111,N,11420.118485,E,1,13,0.956,49.650,M,0,M,,
GNGGA,024810.000,3033.265326,N,11420.117723,E,1,12,0.988,53.391,M,0,M,,
GNGGA,024811.000,3033.264892,N,11420.117113,E,1,12,0.987,59.073,M,0,M,,
GNGGA,024843.699,3033.272690,N,11420.110391,E,1,08,1.800,51.068,M,0,M,,
GNGGA,024844.449,3033.269588,N,11420.114570,E,1,09,1.216,51.156,M,0,M,,
GNGGA,024845.199,3033.268590,N,11420.116963,E,1,09,1.216,51.096,M,0,M,,
GNGGA,024846.000,3033.267848,N,11420.114657,E,1,09,1.216,51.048,M,0,M,,
GNGGA,024847.000,3033.270793,N,11420.116812,E,1,10,1.046,51.036,M,0,M,,
GNGGA,024848.000,3033.268507,N,11420.113895,E,1,11,1.034,50.984,M,0,M,,
GNGGA,024849.000,3033.268891,N,11420.114508,E,1,11,1.033,50.939,M,0,M,,
GNGGA,024850.000,3033.267958,N,11420.114665,E,1,11,1.033,50.885,M,0,M,,
GNGGA,024851.000,3033.266319,N,11420.112834,E,1,11,1.033,35.592,M,0,M,,
GNGGA,024852.000,3033.265958,N,11420.112251,E,1,11,1.033,35.566,M,0,M,,
GNGGA,024923.654,3033.334653,N,11420.143798,E,1,05,5.201,50.382,M,0,M,,
GNGGA,024924.404,3033.336873,N,11420.141319,E,1,07,1.988,50.347,M,0,M,,
GNGGA,024925.154,3033.331421,N,11420.142777,E,1,10,1.193,47.418,M,0,M,,
GNGGA,024926.000,3033.330024,N,11420.150335,E,1,10,1.193,78.188,M,0,M,,
GNGGA,024927.000,3033.331347,N,11420.148573,E,1,11,1.151,75.408,M,0,M,,
GNGGA,024928.000,3033.331000,N,11420.148549,E,1,12,1.053,75.481,M,0,M,,
GNGGA,024929.000,3033.331013,N,11420.148684,E,1,12,1.053,78.318,M,0,M,,
GNGGA,024930.000,3033.331569,N,11420.148871,E,1,12,1.053,82.781,M,0,M,,
GNGGA,024931.000,3033.332290,N,11420.148973,E,1,12,1.053,84.687,M,0,M,,
GNGGA,024932.000,3033.332815,N,11420.148739,E,1,12,1.053,83.644,M,0,M,,
GNGGA,025004.655,3033.324464,N,11420.142745,E,1,10,1.192,75.648,M,0,M,,
GNGGA,025005.405,3033.322974,N,11420.143612,E,1,11,1.103,75.626,M,0,M,,
GNGGA,025006.155,3033.330760,N,11420.144315,E,1,11,1.103,75.473,M,0,M,,
GNGGA,025007.000,3033.331526,N,11420.144017,E,1,11,1.103,75.340,M,0,M,,
GNGGA,025008.000,3033.338266,N,11420.147284,E,1,11,1.103,26.226,M,0,M,,
GNGGA,025009.000,3033.340456,N,11420.147044,E,1,11,1.103,26.237,M,0,M,,
GNGGA,025010.000,3033.340530,N,11420.146214,E,1,11,1.103,26.251,M,0,M,,
GNGGA,025011.000,3033.338256,N,11420.145269,E,1,12,1.052,26.201,M,0,M,,
GNGGA,025012.000,3033.340059,N,11420.145817,E,1,12,1.052,12.658,M,0,M,,
GNGGA,025013.000,3033.340484,N,11420.145227,E,1,13,0.953,13.140,M,0,M,,
GNGGA,025045.612,3033.411842,N,11420.173010,E,1,05,17.999,26.335,M,0,M,,
GNGGA,025046.362,3033.412263,N,11420.177692,E,1,07,2.290,26.061,M,0,M,,
GNGGA,025047.112,3033.413499,N,11420.182468,E,1,07,2.290,25.814,M,0,M,,
GNGGA,025048.000,3033.418313,N,11420.186702,E,1,07,2.290,25.652,M,0,M,,
GNGGA,025049.000,3033.424928,N,11420.189350,E,1,09,1.217,25.549,M,0,M,,
GNGGA,025050.000,3033.430669,N,11420.193542,E,1,10,1.192,25.484,M,0,M,,
GNGGA,025051.000,3033.436004,N,11420.197965,E,1,10,1.192,25.439,M,0,M,,
GNGGA,025052.000,3033.440043,N,11420.202408,E,1,10,1.192,25.413,M,0,M,,
GNGGA,025053.000,3033.444074,N,11420.205165,E,1,10,1.192,25.403,M,0,M,,
GNGGA,025054.000,3033.444032,N,11420.213561,E,1,11,1.027,25.480,M,0,M,,
GNGGA,025126.819,3033.454064,N,11420.257396,E,1,06,2.011,25.466,M,0,M,,
GNGGA,025127.569,3033.448565,N,11420.257404,E,1,07,1.440,25.340,M,0,M,,
GNGGA,025128.319,3033.452002,N,11420.257051,E,1,08,1.381,25.041,M,0,M,,
GNGGA,025129.069,3033.450078,N,11420.256794,E,1,08,1.381,24.853,M,0,M,,
GNGGA,025130.000,3033.447782,N,11420.255481,E,1,08,1.381,24.734,M,0,M,,
GNGGA,025131.000,3033.447030,N,11420.256404,E,1,09,1.139,24.642,M,0,M,,
GNGGA,025132.000,3033.443021,N,11420.253460,E,1,09,1.139,24.604,M,0,M,,
GNGGA,025133.000,3033.442066,N,11420.254662,E,1,09,1.139,24.554,M,0,M,,
GNGGA,025134.000,3033.440764,N,11420.256619,E,1,09,1.139,24.487,M,0,M,,
GNGGA,025135.000,3033.438560,N,11420.257431,E,1,09,1.139,24.382,M,0,M,,
GNGGA,025206.723,3033.376601,N,11420.367245,E,1,05,5.391,25.070,M,0,M,,
GNGGA,025207.473,3033.374446,N,11420.369409,E,1,05,5.390,24.783,M,0,M,,
GNGGA,025208.223,3033.375721,N,11420.371934,E,1,08,1.337,23.837,M,0,M,,
GNGGA,025209.000,3033.376707,N,11420.379920,E,1,08,1.337,23.200,M,0,M,,
GNGGA,025210.000,3033.375504,N,11420.384389,E,1,09,1.233,22.585,M,0,M,,
GNGGA,025211.000,3033.372459,N,11420.387514,E,1,10,1.144,22.089,M,0,M,,
GNGGA,025212.000,3033.369764,N,11420.389581,E,1,10,1.144,21.663,M,0,M,,
GNGGA,025213.000,3033.367616,N,11420.393647,E,1,10,1.144,21.327,M,0,M,,
GNGGA,025214.000,3033.365281,N,11420.398122,E,1,11,1.120,21.396,M,0,M,,
GNGGA,025215.000,3033.362758,N,11420.400814,E,1,12,1.096,21.497,M,0,M,,
GNGGA,025246.516,3033.294565,N,11420.479199,E,1,08,2.257,22.481,M,0,M,,
GNGGA,025247.266,3033.292513,N,11420.478256,E,1,08,2.257,22.813,M,0,M,,
GNGGA,025248.016,3033.290407,N,11420.477709,E,1,11,1.211,23.066,M,0,M,,
GNGGA,025249.000,3033.286087,N,11420.473566,E,1,12,1.049,38.662,M,0,M,,
GNGGA,025250.000,3033.282707,N,11420.470985,E,1,12,1.049,38.357,M,0,M,,
GNGGA,025251.000,3033.280886,N,11420.469229,E,1,13,0.949,27.649,M,0,M,,
GNGGA,025252.000,3033.279609,N,11420.465859,E,1,13,0.949,25.744,M,0,M,,
GNGGA,025253.000,3033.277481,N,11420.462618,E,1,13,0.948,24.339,M,0,M,,
GNGGA,025254.000,3033.276358,N,11420.460917,E,1,13,0.948,24.760,M,0,M,,
GNGGA,025255.000,3033.274650,N,11420.460589,E,1,13,0.948,27.549,M,0,M,,
GNGGA,025326.528,3033.293284,N,11420.329188,E,1,10,1.427,21.586,M,0,M,,
GNGGA,025327.278,3033.295152,N,11420.324698,E,1,11,1.337,19.798,M,0,M,,
GNGGA,025328.028,3033.297443,N,11420.322979,E,1,11,1.337,21.880,M,0,M,,
GNGGA,025329.000,3033.299992,N,11420.319974,E,1,11,1.337,16.851,M,0,M,,
GNGGA,025330.000,3033.302801,N,11420.313764,E,1,12,1.127,20.069,M,0,M,,
GNGGA,025331.000,3033.305198,N,11420.307932,E,1,12,1.127,22.855,M,0,M,,
GNGGA,025332.000,3033.307913,N,11420.302512,E,1,13,0.947,21.331,M,0,M,,
GNGGA,025333.000,3033.310901,N,11420.297900,E,1,13,0.947,21.588,M,0,M,,
GNGGA,025334.000,3033.313211,N,11420.293801,E,1,13,0.947,21.915,M,0,M,,
GNGGA,025335.000,3033.315318,N,11420.289374,E,1,13,0.947,21.421,M,0,M,,
GNGGA,025407.568,3033.368687,N,11420.178146,E,1,09,2.008,23.124,M,0,M,,
GNGGA,025408.318,3033.358748,N,11420.177655,E,1,10,1.563,84.455,M,0,M,,
GNGGA,025409.068,3033.359545,N,11420.175382,E,1,12,1.048,99.297,M,0,M,,
GNGGA,025410.000,3033.362609,N,11420.174059,E,1,12,1.048,97.417,M,0,M,,
GNGGA,025411.000,3033.365640,N,11420.172734,E,1,13,0.946,101.697,M,0,M,,
GNGGA,025412.000,3033.374874,N,11420.171119,E,1,13,0.946,81.362,M,0,M,,
GNGGA,025413.000,3033.379938,N,11420.167032,E,1,13,0.946,67.005,M,0,M,,
GNGGA,025414.000,3033.381115,N,11420.168466,E,1,13,0.946,73.576,M,0,M,,
GNGGA,025415.000,3033.383409,N,11420.171751,E,1,13,0.946,73.650,M,0,M,,
GNGGA,025416.000,3033.387301,N,11420.173984,E,1,13,0.946,73.345,M,0,M,,
GNGGA,025447.529,3033.460860,N,11420.228700,E,1,07,2.339,81.343,M,0,M,,
GNGGA,025448.279,3033.458059,N,11420.235681,E,1,08,1.545,80.757,M,0,M,,
GNGGA,025449.029,3033.458993,N,11420.238507,E,1,08,1.545,79.953,M,0,M,,
GNGGA,025450.000,3033.456457,N,11420.246281,E,1,10,1.198,40.945,M,0,M,,
GNGGA,025451.000,3033.456314,N,11420.247804,E,1,10,1.198,45.201,M,0,M,,
