[15:49:40]<N0000000171|T0109155125|INFO> MOD_MXGPS [GPS]mx_gps_drv_start(type:0)(0:COLD,1:WARM)
[15:49:40]<N0000000186|T0109155125|INFO> MOD_MXGPS [GPS]mx_gps_ready_to_close__hold set
[15:49:40]<N0000000189|T0109155125|INFO> MOD_MXGPS [GPS]time_start:176(tick) in mx_gps_power_on
[15:49:50]<N0000000316|T0109155135|INFO> MOD_MXGPS [GPS]cold, stop GPS now
[15:49:50]<N0000000324|T0109155135|INFO> MOD_MXGPS [GPS]time_finish:9(seconds) in mx_gps_power_off
[15:49:50]<N0000000326|T0109155135|INFO> MOD_MXGPS [GPS]mx_gps_ready_to_close__valid set
[15:50:02]<N0000000507|T0109155148|INFO> MOD_MXGPS [GPS]mx_gps_drv_start(type:1)(0:COLD,1:WARM)
[15:50:03]<N0000000517|T0109155148|INFO> MOD_MXGPS [GPS]time_start:2419(tick) in mx_gps_power_on
[15:50:13]<N0000000643|T0109155158|INFO> MOD_MXGPS [GPS]warm, stop GPS now
[15:50:13]<N0000000650|T0109155158|INFO> MOD_MXGPS [GPS]time_finish:9(seconds) in mx_gps_power_off
[15:50:13]<N0000000652|T0109155158|INFO> MOD_MXGPS [GPS]mx_gps_ready_to_close__valid set
[15:50:40]<N0000000869|T0109155225|INFO> MOD_MXGPS [GPS]mx_gps_drv_start(type:1)(0:COLD,1:WARM)
[15:50:40]<N0000000879|T0109155225|INFO> MOD_MXGPS [GPS]time_start:6150(tick) in mx_gps_power_on
[15:50:50]<N0000001001|T0109155235|INFO> MOD_MXGPS [GPS]warm, stop GPS now
[15:50:50]<N0000001008|T0109155235|INFO> MOD_MXGPS [GPS]time_finish:9(seconds) in mx_gps_power_off
[15:50:50]<N0000001010|T0109155235|INFO> MOD_MXGPS [GPS]mx_gps_ready_to_close__valid set
[15:51:51]<N0000001293|T0109155336|INFO> MOD_MXGPS [GPS]mx_gps_drv_start(type:1)(0:COLD,1:WARM)
[15:51:51]<N0000001303|T0109155336|INFO> MOD_MXGPS [GPS]time_start:13164(tick) in mx_gps_power_on
[15:52:01]<N0000001429|T0109155346|INFO> MOD_MXGPS [GPS]warm, stop GPS now
[15:52:01]<N0000001436|T0109155346|INFO> MOD_MXGPS [GPS]time_finish:9(seconds) in mx_gps_power_off
[15:52:01]<N0000001438|T0109155346|INFO> MOD_MXGPS [GPS]mx_gps_ready_to_close__valid set
[15:53:02]<N0000001719|T0109155447|INFO> MOD_MXGPS [GPS]mx_gps_drv_start(type:1)(0:COLD,1:WARM)
[15:53:02]<N0000001729|T0109155447|INFO> MOD_MXGPS [GPS]time_start:20215(tick) in mx_gps_power_on
[15:53:12]<N0000001855|T0109155457|INFO> MOD_MXGPS [GPS]warm, stop GPS now
[15:53:12]<N0000001862|T0109155457|INFO> MOD_MXGPS [GPS]time_finish:9(seconds) in mx_gps_power_off
[15:53:12]<N0000001864|T0109155457|INFO> MOD_MXGPS [GPS]mx_gps_ready_to_close__valid set
[15:54:13]<N0000002145|T0109155558|INFO> MOD_MXGPS [GPS]mx_gps_drv_start(type:1)(0:COLD,1:WARM)
[15:54:13]<N0000002155|T0109155558|INFO> MOD_MXGPS [GPS]time_start:27266(tick) in mx_gps_power_on
[15:54:23]<N0000002281|T0109155608|INFO> MOD_MXGPS [GPS]warm, stop GPS now
[15:54:23]<N0000002288|T0109155608|INFO> MOD_MXGPS [GPS]time_finish:9(seconds) in mx_gps_power_off
[15:54:23]<N0000002290|T0109155608|INFO> MOD_MXGPS [GPS]mx_gps_ready_to_close__valid set
[15:55:24]<N0000002571|T0109155709|INFO> MOD_MXGPS [GPS]mx_gps_drv_start(type:1)(0:COLD,1:WARM)
[15:55:24]<N0000002581|T0109155709|INFO> MOD_MXGPS [GPS]time_start:34318(tick) in mx_gps_power_on
[15:55:34]<N0000002707|T0109155719|INFO> MOD_MXGPS [GPS]warm, stop GPS now
[15:55:34]<N0000002714|T0109155719|INFO> MOD_MXGPS [GPS]time_finish:9(seconds) in mx_gps_power_off
[15:55:34]<N0000002716|T0109155719|INFO> MOD_MXGPS [GPS]mx_gps_ready_to_close__valid set
[15:56:35]<N0000002997|T0109155820|INFO> MOD_MXGPS [GPS]mx_gps_drv_start(type:1)(0:COLD,1:WARM)
[15:56:35]<N0000003007|T0109155820|INFO> MOD_MXGPS [GPS]time_start:41369(tick) in mx_gps_power_on
[15:56:45]<N0000003144|T0109155830|INFO> MOD_MXGPS [GPS]warm, stop GPS now
[15:56:45]<N0000003151|T0109155830|INFO> MOD_MXGPS [GPS]time_finish:9(seconds) in mx_gps_power_off
[15:56:45]<N0000003153|T0109155830|INFO> MOD_MXGPS [GPS]mx_gps_ready_to_close__valid set
[15:58:08]<N0000003434|T0109155931|INFO> MOD_MXGPS [GPS]mx_gps_drv_start(type:1)(0:COLD,1:WARM)
[15:58:08]<N0000003444|T0109155931|INFO> MOD_MXGPS [GPS]time_start:48420(tick) in mx_gps_power_on
[15:58:08]<N0000003570|T0109155941|INFO> MOD_MXGPS [GPS]warm, stop GPS now
[15:58:08]<N0000003577|T0109155941|INFO> MOD_MXGPS [GPS]time_finish:9(seconds) in mx_gps_power_off
[15:58:08]<N0000003579|T0109155941|INFO> MOD_MXGPS [GPS]mx_gps_ready_to_close__valid set
[15:58:57]<N0000003860|T0109160042|INFO> MOD_MXGPS [GPS]mx_gps_drv_start(type:1)(0:COLD,1:WARM)
[15:58:57]<N0000003870|T0109160042|INFO> MOD_MXGPS [GPS]time_start:55472(tick) in mx_gps_power_on
[15:59:07]<N0000003996|T0109160052|INFO> MOD_MXGPS [GPS]warm, stop GPS now
[15:59:07]<N0000004003|T0109160052|INFO> MOD_MXGPS [GPS]time_finish:9(seconds) in mx_gps_power_off
[15:59:07]<N0000004005|T0109160052|INFO> MOD_MXGPS [GPS]mx_gps_ready_to_close__valid set
[16:00:08]<N0000004286|T0109160153|INFO> MOD_MXGPS [GPS]mx_gps_drv_start(type:1)(0:COLD,1:WARM)
[16:00:08]<N0000004296|T0109160153|INFO> MOD_MXGPS [GPS]time_start:62523(tick) in mx_gps_power_on
[16:00:18]<N0000004422|T0109160203|INFO> MOD_MXGPS [GPS]warm, stop GPS now
[16:00:18]<N0000004429|T0109160203|INFO> MOD_MXGPS [GPS]time_finish:9(seconds) in mx_gps_power_off
[16:00:18]<N0000004431|T0109160203|INFO> MOD_MXGPS [GPS]mx_gps_ready_to_close__valid set
[16:01:19]<N0000004712|T0109160304|INFO> MOD_MXGPS [GPS]mx_gps_drv_start(type:1)(0:COLD,1:WARM)
[16:01:19]<N0000004722|T0109160304|INFO> MOD_MXGPS [GPS]time_start:69574(tick) in mx_gps_power_on
[16:01:29]<N0000004848|T0109160314|INFO> MOD_MXGPS [GPS]warm, stop GPS now
[16:01:29]<N0000004855|T0109160314|INFO> MOD_MXGPS [GPS]time_finish:9(seconds) in mx_gps_power_off
[16:01:29]<N0000004857|T0109160314|INFO> MOD_MXGPS [GPS]mx_gps_ready_to_close__valid set
[16:02:30]<N0000005138|T0109160415|INFO> MOD_MXGPS [GPS]mx_gps_drv_start(type:1)(0:COLD,1:WARM)
[16:02:30]<N0000005148|T0109160415|INFO> MOD_MXGPS [GPS]time_start:76625(tick) in mx_gps_power_on
[16:02:40]<N0000005274|T0109160425|INFO> MOD_MXGPS [GPS]warm, stop GPS now
[16:02:40]<N0000005281|T0109160425|INFO> MOD_MXGPS [GPS]time_finish:9(seconds) in mx_gps_power_off
[16:02:40]<N0000005283|T0109160425|INFO> MOD_MXGPS [GPS]mx_gps_ready_to_close__valid set
[16:03:41]<N0000005564|T0109160526|INFO> MOD_MXGPS [GPS]mx_gps_drv_start(type:1)(0:COLD,1:WARM)
[16:03:41]<N0000005574|T0109160526|INFO> MOD_MXGPS [GPS]time_start:83677(tick) in mx_gps_power_on
[16:03:51]<N0000005711|T0109160536|INFO> MOD_MXGPS [GPS]warm, stop GPS now
[16:03:51]<N0000005718|T0109160536|INFO> MOD_MXGPS [GPS]time_finish:9(seconds) in mx_gps_power_off
[16:03:51]<N0000005720|T0109160536|INFO> MOD_MXGPS [GPS]mx_gps_ready_to_close__valid set
[16:04:52]<N0000006003|T0109160637|INFO> MOD_MXGPS [GPS]mx_gps_drv_start(type:1)(0:COLD,1:WARM)
[16:04:52]<N0000006013|T0109160637|INFO> MOD_MXGPS [GPS]time_start:90728(tick) in mx_gps_power_on
[16:05:02]<N0000006139|T0109160647|INFO> MOD_MXGPS [GPS]warm, stop GPS now
[16:05:02]<N0000006146|T0109160647|INFO> MOD_MXGPS [GPS]time_finish:9(seconds) in mx_gps_power_off
[16:05:02]<N0000006148|T0109160647|INFO> MOD_MXGPS [GPS]mx_gps_ready_to_close__valid set
[16:06:03]<N0000006429|T0109160748|INFO> MOD_MXGPS [GPS]mx_gps_drv_start(type:1)(0:COLD,1:WARM)
[16:06:03]<N0000006439|T0109160748|INFO> MOD_MXGPS [GPS]time_start:97779(tick) in mx_gps_power_on
[16:06:13]<N0000006565|T0109160758|INFO> MOD_MXGPS [GPS]warm, stop GPS now
[16:06:13]<N0000006572|T0109160758|INFO> MOD_MXGPS [GPS]time_finish:9(seconds) in mx_gps_power_off
[16:06:13]<N0000006574|T0109160758|INFO> MOD_MXGPS [GPS]mx_gps_ready_to_close__valid set
[16:07:14]<N0000006855|T0109160859|INFO> MOD_MXGPS [GPS]mx_gps_drv_start(type:1)(0:COLD,1:WARM)
[16:07:14]<N0000006865|T0109160859|INFO> MOD_MXGPS [GPS]time_start:104830(tick) in mx_gps_power_on
[16:07:24]<N0000006991|T0109160909|INFO> MOD_MXGPS [GPS]warm, stop GPS now
[16:07:24]<N0000006998|T0109160909|INFO> MOD_MXGPS [GPS]time_finish:9(seconds) in mx_gps_power_off
[16:07:24]<N0000007000|T0109160909|INFO> MOD_MXGPS [GPS]mx_gps_ready_to_close__valid set
[16:08:25]<N0000007281|T0109161010|INFO> MOD_MXGPS [GPS]mx_gps_drv_start(type:1)(0:COLD,1:WARM)
[16:08:25]<N0000007291|T0109161010|INFO> MOD_MXGPS [GPS]time_start:111881(tick) in mx_gps_power_on
[16:08:35]<N0000007417|T0109161020|INFO> MOD_MXGPS [GPS]warm, stop GPS now
[16:08:35]<N0000007424|T0109161020|INFO> MOD_MXGPS [GPS]time_finish:9(seconds) in mx_gps_power_off
[16:08:35]<N0000007426|T0109161020|INFO> MOD_MXGPS [GPS]mx_gps_ready_to_close__valid set
[16:09:36]<N0000007707|T0109161121|INFO> MOD_MXGPS [GPS]mx_gps_drv_start(type:1)(0:COLD,1:WARM)
[16:09:36]<N0000007717|T0109161121|INFO> MOD_MXGPS [GPS]time_start:118932(tick) in mx_gps_power_on
[16:09:46]<N0000007843|T0109161131|INFO> MOD_MXGPS [GPS]warm, stop GPS now
[16:09:46]<N0000007850|T0109161131|INFO> MOD_MXGPS [GPS]time_finish:9(seconds) in mx_gps_power_off
[16:09:46]<N0000007852|T0109161131|INFO> MOD_MXGPS [GPS]mx_gps_ready_to_close__valid set
[16:10:47]<N0000008133|T0109161232|INFO> MOD_MXGPS [GPS]mx_gps_drv_start(type:1)(0:COLD,1:WARM)
[16:10:47]<N0000008143|T0109161232|INFO> MOD_MXGPS [GPS]time_start:125984(tick) in mx_gps_power_on
[16:10:57]<N0000008280|T0109161242|INFO> MOD_MXGPS [GPS]warm, stop GPS now
[16:10:57]<N0000008287|T0109161242|INFO> MOD_MXGPS [GPS]time_finish:9(seconds) in mx_gps_power_off
[16:10:57]<N0000008289|T0109161242|INFO> MOD_MXGPS [GPS]mx_gps_ready_to_close__valid set
[16:11:58]<N0000008570|T0109161343|INFO> MOD_MXGPS [GPS]mx_gps_drv_start(type:1)(0:COLD,1:WARM)
[16:11:58]<N0000008580|T0109161343|INFO> MOD_MXGPS [GPS]time_start:133035(tick) in mx_gps_power_on
[16:12:08]<N0000008706|T0109161353|INFO> MOD_MXGPS [GPS]warm, stop GPS now
[16:12:08]<N0000008713|T0109161353|INFO> MOD_MXGPS [GPS]time_finish:9(seconds) in mx_gps_power_off
[16:12:08]<N0000008715|T0109161353|INFO> MOD_MXGPS [GPS]mx_gps_ready_to_close__valid set
[16:13:09]<N0000008996|T0109161454|INFO> MOD_MXGPS [GPS]mx_gps_drv_start(type:1)(0:COLD,1:WARM)
[16:13:09]<N0000009006|T0109161454|INFO> MOD_MXGPS [GPS]time_start:140086(tick) in mx_gps_power_on
[16:13:19]<N0000009132|T0109161504|INFO> MOD_MXGPS [GPS]warm, stop GPS now
[16:13:19]<N0000009139|T0109161504|INFO> MOD_MXGPS [GPS]time_finish:9(seconds) in mx_gps_power_off
[16:13:19]<N0000009141|T0109161504|INFO> MOD_MXGPS [GPS]mx_gps_ready_to_close__valid set
[16:14:20]<N0000009422|T0109161605|INFO> MOD_MXGPS [GPS]mx_gps_drv_start(type:1)(0:COLD,1:WARM)
[16:14:20]<N0000009432|T0109161605|INFO> MOD_MXGPS [GPS]time_start:147137(tick) in mx_gps_power_on
[16:14:30]<N0000009558|T0109161615|INFO> MOD_MXGPS [GPS]warm, stop GPS now
[16:14:30]<N0000009565|T0109161615|INFO> MOD_MXGPS [GPS]time_finish:9(seconds) in mx_gps_power_off
[16:14:30]<N0000009567|T0109161615|INFO> MOD_MXGPS [GPS]mx_gps_ready_to_close__valid set
[16:15:31]<N0000009848|T0109161716|INFO> MOD_MXGPS [GPS]mx_gps_drv_start(type:1)(0:COLD,1:WARM)
[16:15:31]<N0000009858|T0109161716|INFO> MOD_MXGPS [GPS]time_start:154189(tick) in mx_gps_power_on
[16:15:41]<N0000009984|T0109161726|INFO> MOD_MXGPS [GPS]warm, stop GPS now
[16:15:41]<N0000009991|T0109161726|INFO> MOD_MXGPS [GPS]time_finish:9(seconds) in mx_gps_power_off
[16:15:41]<N0000009993|T0109161726|INFO> MOD_MXGPS [GPS]mx_gps_ready_to_close__valid set
[16:16:42]<N0000010274|T0109161827|INFO> MOD_MXGPS [GPS]mx_gps_drv_start(type:1)(0:COLD,1:WARM)
[16:16:42]<N0000010284|T0109161827|INFO> MOD_MXGPS [GPS]time_start:161240(tick) in mx_gps_power_on
[16:16:52]<N0000010421|T0109161837|INFO> MOD_MXGPS [GPS]warm, stop GPS now
[16:16:52]<N0000010428|T0109161837|INFO> MOD_MXGPS [GPS]time_finish:9(seconds) in mx_gps_power_off
[16:16:52]<N0000010430|T0109161837|INFO> MOD_MXGPS [GPS]mx_gps_ready_to_close__valid set
[16:17:53]<N0000010711|T0109161938|INFO> MOD_MXGPS [GPS]mx_gps_drv_start(type:1)(0:COLD,1:WARM)
[16:17:53]<N0000010721|T0109161938|INFO> MOD_MXGPS [GPS]time_start:168291(tick) in mx_gps_power_on
[16:18:02]<N0000010847|T0109161948|INFO> MOD_MXGPS [GPS]warm, stop GPS now
[16:18:03]<N0000010854|T0109161948|INFO> MOD_MXGPS [GPS]time_finish:9(seconds) in mx_gps_power_off
[16:18:03]<N0000010856|T0109161948|INFO> MOD_MXGPS [GPS]mx_gps_ready_to_close__valid set
[16:19:04]<N0000011139|T0109162049|INFO> MOD_MXGPS [GPS]mx_gps_drv_start(type:1)(0:COLD,1:WARM)
[16:19:04]<N0000011149|T0109162049|INFO> MOD_MXGPS [GPS]time_start:175342(tick) in mx_gps_power_on
[16:19:14]<N0000011275|T0109162059|INFO> MOD_MXGPS [GPS]warm, stop GPS now
[16:19:14]<N0000011282|T0109162059|INFO> MOD_MXGPS [GPS]time_finish:9(seconds) in mx_gps_power_off
[16:19:14]<N0000011284|T0109162059|INFO> MOD_MXGPS [GPS]mx_gps_ready_to_close__valid set
[16:20:15]<N0000011565|T0109162200|INFO> MOD_MXGPS [GPS]mx_gps_drv_start(type:1)(0:COLD,1:WARM)
[16:20:15]<N0000011575|T0109162200|INFO> MOD_MXGPS [GPS]time_start:182394(tick) in mx_gps_power_on
[16:20:24]<N0000011701|T0109162210|INFO> MOD_MXGPS [GPS]warm, stop GPS now
[16:20:25]<N0000011708|T0109162210|INFO> MOD_MXGPS [GPS]time_finish:9(seconds) in mx_gps_power_off
[16:20:25]<N0000011710|T0109162210|INFO> MOD_MXGPS [GPS]mx_gps_ready_to_close__valid set
[16:21:26]<N0000011991|T0109162311|INFO> MOD_MXGPS [GPS]mx_gps_drv_start(type:1)(0:COLD,1:WARM)
[16:21:26]<N0000012001|T0109162311|INFO> MOD_MXGPS [GPS]time_start:189445(tick) in mx_gps_power_on
[16:21:35]<N0000012127|T0109162321|INFO> MOD_MXGPS [GPS]warm, stop GPS now
[16:21:36]<N0000012134|T0109162321|INFO> MOD_MXGPS [GPS]time_finish:9(seconds) in mx_gps_power_off
[16:21:36]<N0000012136|T0109162321|INFO> MOD_MXGPS [GPS]mx_gps_ready_to_close__valid set
[16:22:37]<N0000012417|T0109162422|INFO> MOD_MXGPS [GPS]mx_gps_drv_start(type:1)(0:COLD,1:WARM)
[16:22:37]<N0000012427|T0109162422|INFO> MOD_MXGPS [GPS]time_start:196496(tick) in mx_gps_power_on
[16:22:47]<N0000012553|T0109162432|INFO> MOD_MXGPS [GPS]warm, stop GPS now
[16:22:47]<N0000012560|T0109162432|INFO> MOD_MXGPS [GPS]time_finish:9(seconds) in mx_gps_power_off
[16:22:47]<N0000012562|T0109162432|INFO> MOD_MXGPS [GPS]mx_gps_ready_to_close__valid set
[16:23:48]<N0000012843|T0109162533|INFO> MOD_MXGPS [GPS]mx_gps_drv_start(type:1)(0:COLD,1:WARM)
[16:23:48]<N0000012853|T0109162533|INFO> MOD_MXGPS [GPS]time_start:203548(tick) in mx_gps_power_on
[16:23:57]<N0000012990|T0109162543|INFO> MOD_MXGPS [GPS]warm, stop GPS now
[16:23:58]<N0000012997|T0109162543|INFO> MOD_MXGPS [GPS]time_finish:9(seconds) in mx_gps_power_off
[16:23:58]<N0000012999|T0109162543|INFO> MOD_MXGPS [GPS]mx_gps_ready_to_close__valid set
[16:24:59]<N0000013280|T0109162644|INFO> MOD_MXGPS [GPS]mx_gps_drv_start(type:1)(0:COLD,1:WARM)
[16:24:59]<N0000013290|T0109162644|INFO> MOD_MXGPS [GPS]time_start:210599(tick) in mx_gps_power_on
[16:25:09]<N0000013416|T0109162654|INFO> MOD_MXGPS [GPS]warm, stop GPS now
[16:25:09]<N0000013423|T0109162654|INFO> MOD_MXGPS [GPS]time_finish:9(seconds) in mx_gps_power_off
[16:25:09]<N0000013425|T0109162654|INFO> MOD_MXGPS [GPS]mx_gps_ready_to_close__valid set
[16:26:10]<N0000013706|T0109162755|INFO> MOD_MXGPS [GPS]mx_gps_drv_start(type:1)(0:COLD,1:WARM)
[16:26:10]<N0000013716|T0109162755|INFO> MOD_MXGPS [GPS]time_start:217654(tick) in mx_gps_power_on
[16:26:19]<N0000013842|T0109162805|INFO> MOD_MXGPS [GPS]warm, stop GPS now
[16:26:20]<N0000013849|T0109162805|INFO> MOD_MXGPS [GPS]time_finish:9(seconds) in mx_gps_power_off
[16:26:20]<N0000013851|T0109162805|INFO> MOD_MXGPS [GPS]mx_gps_ready_to_close__valid set
[16:27:21]<N0000014132|T0109162906|INFO> MOD_MXGPS [GPS]mx_gps_drv_start(type:1)(0:COLD,1:WARM)
[16:27:21]<N0000014142|T0109162906|INFO> MOD_MXGPS [GPS]time_start:224701(tick) in mx_gps_power_on
[16:27:30]<N0000014268|T0109162916|INFO> MOD_MXGPS [GPS]warm, stop GPS now
[16:27:31]<N0000014275|T0109162916|INFO> MOD_MXGPS [GPS]time_finish:9(seconds) in mx_gps_power_off
[16:27:31]<N0000014277|T0109162916|INFO> MOD_MXGPS [GPS]mx_gps_ready_to_close__valid set
[16:28:32]<N0000014558|T0109163017|INFO> MOD_MXGPS [GPS]mx_gps_drv_start(type:1)(0:COLD,1:WARM)
[16:28:32]<N0000014568|T0109163017|INFO> MOD_MXGPS [GPS]time_start:231753(tick) in mx_gps_power_on
[16:28:41]<N0000014694|T0109163027|INFO> MOD_MXGPS [GPS]warm, stop GPS now
[16:28:42]<N0000014701|T0109163027|INFO> MOD_MXGPS [GPS]time_finish:9(seconds) in mx_gps_power_off
[16:28:42]<N0000014703|T0109163027|INFO> MOD_MXGPS [GPS]mx_gps_ready_to_close__valid set
[16:29:43]<N0000014984|T0109163128|INFO> MOD_MXGPS [GPS]mx_gps_drv_start(type:1)(0:COLD,1:WARM)
[16:29:43]<N0000014994|T0109163128|INFO> MOD_MXGPS [GPS]time_start:238804(tick) in mx_gps_power_on
[16:29:52]<N0000015120|T0109163138|INFO> MOD_MXGPS [GPS]warm, stop GPS now
[16:29:53]<N0000015127|T0109163138|INFO> MOD_MXGPS [GPS]time_finish:9(seconds) in mx_gps_power_off
[16:29:53]<N0000015129|T0109163138|INFO> MOD_MXGPS [GPS]mx_gps_ready_to_close__valid set
[16:30:54]<N0000015410|T0109163239|INFO> MOD_MXGPS [GPS]mx_gps_drv_start(type:1)(0:COLD,1:WARM)
[16:30:54]<N0000015420|T0109163239|INFO> MOD_MXGPS [GPS]time_start:245855(tick) in mx_gps_power_on
[16:31:03]<N0000015557|T0109163249|INFO> MOD_MXGPS [GPS]warm, stop GPS now
[16:31:04]<N0000015564|T0109163249|INFO> MOD_MXGPS [GPS]time_finish:9(seconds) in mx_gps_power_off
[16:31:04]<N0000015566|T0109163249|INFO> MOD_MXGPS [GPS]mx_gps_ready_to_close__valid set
[16:32:05]<N0000015847|T0109163350|INFO> MOD_MXGPS [GPS]mx_gps_drv_start(type:1)(0:COLD,1:WARM)
[16:32:05]<N0000015857|T0109163350|INFO> MOD_MXGPS [GPS]time_start:252906(tick) in mx_gps_power_on
[16:32:14]<N0000015983|T0109163400|INFO> MOD_MXGPS [GPS]warm, stop GPS now
[16:32:15]<N0000015990|T0109163400|INFO> MOD_MXGPS [GPS]time_finish:9(seconds) in mx_gps_power_off
[16:32:15]<N0000015992|T0109163400|INFO> MOD_MXGPS [GPS]mx_gps_ready_to_close__valid set
[16:33:16]<N0000016273|T0109163501|INFO> MOD_MXGPS [GPS]mx_gps_drv_start(type:1)(0:COLD,1:WARM)
[16:33:16]<N0000016283|T0109163501|INFO> MOD_MXGPS [GPS]time_start:259958(tick) in mx_gps_power_on
[16:33:25]<N0000016409|T0109163511|INFO> MOD_MXGPS [GPS]warm, stop GPS now
[16:33:26]<N0000016416|T0109163511|INFO> MOD_MXGPS [GPS]time_finish:9(seconds) in mx_gps_power_off
[16:33:26]<N0000016418|T0109163511|INFO> MOD_MXGPS [GPS]mx_gps_ready_to_close__valid set
[16:34:27]<N0000016699|T0109163612|INFO> MOD_MXGPS [GPS]mx_gps_drv_start(type:1)(0:COLD,1:WARM)
[16:34:27]<N0000016709|T0109163613|INFO> MOD_MXGPS [GPS]time_start:267009(tick) in mx_gps_power_on
[16:34:36]<N0000016835|T0109163622|INFO> MOD_MXGPS [GPS]warm, stop GPS now
[16:34:37]<N0000016842|T0109163622|INFO> MOD_MXGPS [GPS]time_finish:9(seconds) in mx_gps_power_off
[16:34:37]<N0000016844|T0109163622|INFO> MOD_MXGPS [GPS]mx_gps_ready_to_close__valid set
[16:35:38]<N0000017127|T0109163723|INFO> MOD_MXGPS [GPS]mx_gps_drv_start(type:1)(0:COLD,1:WARM)
[16:35:38]<N0000017137|T0109163724|INFO> MOD_MXGPS [GPS]time_start:274060(tick) in mx_gps_power_on
[16:35:47]<N0000017263|T0109163733|INFO> MOD_MXGPS [GPS]warm, stop GPS now
[16:35:48]<N0000017270|T0109163733|INFO> MOD_MXGPS [GPS]time_finish:9(seconds) in mx_gps_power_off
[16:35:48]<N0000017272|T0109163733|INFO> MOD_MXGPS [GPS]mx_gps_ready_to_close__valid set
[16:36:49]<N0000017553|T0109163834|INFO> MOD_MXGPS [GPS]mx_gps_drv_start(type:1)(0:COLD,1:WARM)
[16:36:49]<N0000017563|T0109163835|INFO> MOD_MXGPS [GPS]time_start:281111(tick) in mx_gps_power_on
[16:36:58]<N0000017689|T0109163844|INFO> MOD_MXGPS [GPS]warm, stop GPS now
[16:36:59]<N0000017696|T0109163844|INFO> MOD_MXGPS [GPS]time_finish:9(seconds) in mx_gps_power_off
[16:36:59]<N0000017698|T0109163844|INFO> MOD_MXGPS [GPS]mx_gps_ready_to_close__valid set
[16:38:00]<N0000017979|T0109163945|INFO> MOD_MXGPS [GPS]mx_gps_drv_start(type:1)(0:COLD,1:WARM)
[16:38:00]<N0000017989|T0109163946|INFO> MOD_MXGPS [GPS]time_start:288163(tick) in mx_gps_power_on
[16:38:09]<N0000018126|T0109163955|INFO> MOD_MXGPS [GPS]warm, stop GPS now
[16:38:10]<N0000018133|T0109163955|INFO> MOD_MXGPS [GPS]time_finish:9(seconds) in mx_gps_power_off
[16:38:10]<N0000018135|T0109163955|INFO> MOD_MXGPS [GPS]mx_gps_ready_to_close__valid set
[16:39:11]<N0000018416|T0109164056|INFO> MOD_MXGPS [GPS]mx_gps_drv_start(type:1)(0:COLD,1:WARM)
[16:39:11]<N0000018426|T0109164057|INFO> MOD_MXGPS [GPS]time_start:295214(tick) in mx_gps_power_on
[16:39:20]<N0000018552|T0109164106|INFO> MOD_MXGPS [GPS]warm, stop GPS now
[16:39:21]<N0000018559|T0109164106|INFO> MOD_MXGPS [GPS]time_finish:9(seconds) in mx_gps_power_off
[16:39:21]<N0000018561|T0109164106|INFO> MOD_MXGPS [GPS]mx_gps_ready_to_close__valid set
[16:40:22]<N0000018842|T0109164207|INFO> MOD_MXGPS [GPS]mx_gps_drv_start(type:1)(0:COLD,1:WARM)
[16:40:22]<N0000018852|T0109164208|INFO> MOD_MXGPS [GPS]time_start:302265(tick) in mx_gps_power_on
[16:40:31]<N0000018978|T0109164217|INFO> MOD_MXGPS [GPS]warm, stop GPS now
[16:40:32]<N0000018985|T0109164217|INFO> MOD_MXGPS [GPS]time_finish:9(seconds) in mx_gps_power_off
[16:40:32]<N0000018987|T0109164217|INFO> MOD_MXGPS [GPS]mx_gps_ready_to_close__valid set
[16:41:33]<N0000019268|T0109164319|INFO> MOD_MXGPS [GPS]mx_gps_drv_start(type:1)(0:COLD,1:WARM)
[16:41:33]<N0000019278|T0109164319|INFO> MOD_MXGPS [GPS]time_start:309317(tick) in mx_gps_power_on
[16:41:42]<N0000019404|T0109164328|INFO> MOD_MXGPS [GPS]warm, stop GPS now
[16:41:43]<N0000019411|T0109164328|INFO> MOD_MXGPS [GPS]time_finish:9(seconds) in mx_gps_power_off
[16:41:43]<N0000019413|T0109164328|INFO> MOD_MXGPS [GPS]mx_gps_ready_to_close__valid set
[16:42:44]<N0000019694|T0109164430|INFO> MOD_MXGPS [GPS]mx_gps_drv_start(type:1)(0:COLD,1:WARM)
[16:42:44]<N0000019704|T0109164430|INFO> MOD_MXGPS [GPS]time_start:316368(tick) in mx_gps_power_on
[16:42:53]<N0000019830|T0109164439|INFO> MOD_MXGPS [GPS]warm, stop GPS now
[16:42:54]<N0000019837|T0109164439|INFO> MOD_MXGPS [GPS]time_finish:9(seconds) in mx_gps_power_off
[16:42:54]<N0000019839|T0109164439|INFO> MOD_MXGPS [GPS]mx_gps_ready_to_close__valid set
[16:43:55]<N0000020120|T0109164541|INFO> MOD_MXGPS [GPS]mx_gps_drv_start(type:1)(0:COLD,1:WARM)
[16:43:55]<N0000020130|T0109164541|INFO> MOD_MXGPS [GPS]time_start:323420(tick) in mx_gps_power_on
[16:44:04]<N0000020267|T0109164550|INFO> MOD_MXGPS [GPS]warm, stop GPS now
[16:44:05]<N0000020274|T0109164550|INFO> MOD_MXGPS [GPS]time_finish:9(seconds) in mx_gps_power_off
[16:44:05]<N0000020276|T0109164550|INFO> MOD_MXGPS [GPS]mx_gps_ready_to_close__valid set
[16:45:06]<N0000020557|T0109164652|INFO> MOD_MXGPS [GPS]mx_gps_drv_start(type:1)(0:COLD,1:WARM)
[16:45:06]<N0000020567|T0109164652|INFO> MOD_MXGPS [GPS]time_start:330471(tick) in mx_gps_power_on
[16:45:15]<N0000020693|T0109164701|INFO> MOD_MXGPS [GPS]warm, stop GPS now
[16:45:16]<N0000020700|T0109164701|INFO> MOD_MXGPS [GPS]time_finish:9(seconds) in mx_gps_power_off
[16:45:16]<N0000020702|T0109164701|INFO> MOD_MXGPS [GPS]mx_gps_ready_to_close__valid set
[16:46:17]<N0000020983|T0109164803|INFO> MOD_MXGPS [GPS]mx_gps_drv_start(type:1)(0:COLD,1:WARM)
[16:46:17]<N0000020993|T0109164803|INFO> MOD_MXGPS [GPS]time_start:337523(tick) in mx_gps_power_on
[16:46:26]<N0000021119|T0109164812|INFO> MOD_MXGPS [GPS]warm, stop GPS now
[16:46:27]<N0000021126|T0109164812|INFO> MOD_MXGPS [GPS]time_finish:9(seconds) in mx_gps_power_off
[16:46:27]<N0000021128|T0109164812|INFO> MOD_MXGPS [GPS]mx_gps_ready_to_close__valid set
[16:47:28]<N0000021409|T0109164914|INFO> MOD_MXGPS [GPS]mx_gps_drv_start(type:1)(0:COLD,1:WARM)
[16:47:28]<N0000021419|T0109164914|INFO> MOD_MXGPS [GPS]time_start:344574(tick) in mx_gps_power_on
[16:47:37]<N0000021545|T0109164923|INFO> MOD_MXGPS [GPS]warm, stop GPS now
[16:47:38]<N0000021552|T0109164923|INFO> MOD_MXGPS [GPS]time_finish:9(seconds) in mx_gps_power_off
[16:47:38]<N0000021554|T0109164923|INFO> MOD_MXGPS [GPS]mx_gps_ready_to_close__valid set
[16:48:39]<N0000021835|T0109165025|INFO> MOD_MXGPS [GPS]mx_gps_drv_start(type:1)(0:COLD,1:WARM)
[16:48:39]<N0000021845|T0109165025|INFO> MOD_MXGPS [GPS]time_start:351625(tick) in mx_gps_power_on
[16:48:48]<N0000021971|T0109165034|INFO> MOD_MXGPS [GPS]warm, stop GPS now
[16:48:49]<N0000021978|T0109165034|INFO> MOD_MXGPS [GPS]time_finish:9(seconds) in mx_gps_power_off
[16:48:49]<N0000021980|T0109165034|INFO> MOD_MXGPS [GPS]mx_gps_ready_to_close__valid set
[16:49:50]<N0000022261|T0109165136|INFO> MOD_MXGPS [GPS]mx_gps_drv_start(type:1)(0:COLD,1:WARM)
[16:49:50]<N0000022271|T0109165136|INFO> MOD_MXGPS [GPS]time_start:358676(tick) in mx_gps_power_on
[16:49:59]<N0000022397|T0109165145|INFO> MOD_MXGPS [GPS]warm, stop GPS now
[16:50:00]<N0000022404|T0109165145|INFO> MOD_MXGPS [GPS]time_finish:9(seconds) in mx_gps_power_off
[16:50:00]<N0000022406|T0109165146|INFO> MOD_MXGPS [GPS]mx_gps_ready_to_close__valid set
[16:51:01]<N0000022687|T0109165247|INFO> MOD_MXGPS [GPS]mx_gps_drv_start(type:1)(0:COLD,1:WARM)
[16:51:01]<N0000022697|T0109165247|INFO> MOD_MXGPS [GPS]time_start:365728(tick) in mx_gps_power_on
[16:51:10]<N0000022834|T0109165256|INFO> MOD_MXGPS [GPS]warm, stop GPS now
[16:51:11]<N0000022841|T0109165256|INFO> MOD_MXGPS [GPS]time_finish:9(seconds) in mx_gps_power_off
[16:51:11]<N0000022843|T0109165257|INFO> MOD_MXGPS [GPS]mx_gps_ready_to_close__valid set
[16:52:12]<N0000023124|T0109165358|INFO> MOD_MXGPS [GPS]mx_gps_drv_start(type:1)(0:COLD,1:WARM)
[16:52:12]<N0000023134|T0109165358|INFO> MOD_MXGPS [GPS]time_start:372779(tick) in mx_gps_power_on
[16:52:21]<N0000023260|T0109165407|INFO> MOD_MXGPS [GPS]warm, stop GPS now
[16:52:22]<N0000023267|T0109165408|INFO> MOD_MXGPS [GPS]time_finish:9(seconds) in mx_gps_power_off
[16:52:22]<N0000023269|T0109165408|INFO> MOD_MXGPS [GPS]mx_gps_ready_to_close__valid set
[16:53:23]<N0000023552|T0109165509|INFO> MOD_MXGPS [GPS]mx_gps_drv_start(type:1)(0:COLD,1:WARM)
[16:53:23]<N0000023562|T0109165509|INFO> MOD_MXGPS [GPS]time_start:379830(tick) in mx_gps_power_on
[16:53:32]<N0000023688|T0109165518|INFO> MOD_MXGPS [GPS]warm, stop GPS now
[16:53:33]<N0000023695|T0109165519|INFO> MOD_MXGPS [GPS]time_finish:9(seconds) in mx_gps_power_off
[16:53:33]<N0000023697|T0109165519|INFO> MOD_MXGPS [GPS]mx_gps_ready_to_close__valid set
[16:54:34]<N0000023978|T0109165620|INFO> MOD_MXGPS [GPS]mx_gps_drv_start(type:1)(0:COLD,1:WARM)
[16:54:34]<N0000023988|T0109165620|INFO> MOD_MXGPS [GPS]time_start:386881(tick) in mx_gps_power_on
[16:54:43]<N0000024114|T0109165629|INFO> MOD_MXGPS [GPS]warm, stop GPS now
[16:54:44]<N0000024121|T0109165630|INFO> MOD_MXGPS [GPS]time_finish:9(seconds) in mx_gps_power_off
[16:54:44]<N0000024123|T0109165630|INFO> MOD_MXGPS [GPS]mx_gps_ready_to_close__valid set
[16:55:45]<N0000024404|T0109165731|INFO> MOD_MXGPS [GPS]mx_gps_drv_start(type:1)(0:COLD,1:WARM)
[16:55:45]<N0000024414|T0109165731|INFO> MOD_MXGPS [GPS]time_start:393933(tick) in mx_gps_power_on
[16:55:54]<N0000024540|T0109165741|INFO> MOD_MXGPS [GPS]warm, stop GPS now
[16:55:55]<N0000024547|T0109165741|INFO> MOD_MXGPS [GPS]time_finish:9(seconds) in mx_gps_power_off
[16:55:55]<N0000024549|T0109165741|INFO> MOD_MXGPS [GPS]mx_gps_ready_to_close__valid set
[16:56:56]<N0000024830|T0109165842|INFO> MOD_MXGPS [GPS]mx_gps_drv_start(type:1)(0:COLD,1:WARM)
[16:56:56]<N0000024840|T0109165842|INFO> MOD_MXGPS [GPS]time_start:400984(tick) in mx_gps_power_on
[16:57:05]<N0000024966|T0109165852|INFO> MOD_MXGPS [GPS]warm, stop GPS now
[16:57:06]<N0000024973|T0109165852|INFO> MOD_MXGPS [GPS]time_finish:9(seconds) in mx_gps_power_off
[16:57:06]<N0000024975|T0109165852|INFO> MOD_MXGPS [GPS]mx_gps_ready_to_close__valid set
[16:58:07]<N0000025256|T0109165953|INFO> MOD_MXGPS [GPS]mx_gps_drv_start(type:1)(0:COLD,1:WARM)
[16:58:07]<N0000025266|T0109165953|INFO> MOD_MXGPS [GPS]time_start:408035(tick) in mx_gps_power_on
[16:58:16]<N0000025403|T0109170003|INFO> MOD_MXGPS [GPS]warm, stop GPS now
[16:58:17]<N0000025410|T0109170003|INFO> MOD_MXGPS [GPS]time_finish:9(seconds) in mx_gps_power_off
[16:58:17]<N0000025412|T0109170003|INFO> MOD_MXGPS [GPS]mx_gps_ready_to_close__valid set
[16:59:18]<N0000025693|T0109170104|INFO> MOD_MXGPS [GPS]mx_gps_drv_start(type:1)(0:COLD,1:WARM)
[16:59:18]<N0000025703|T0109170104|INFO> MOD_MXGPS [GPS]time_start:415086(tick) in mx_gps_power_on
[16:59:27]<N0000025829|T0109170114|INFO> MOD_MXGPS [GPS]warm, stop GPS now
[16:59:28]<N0000025836|T0109170114|INFO> MOD_MXGPS [GPS]time_finish:9(seconds) in mx_gps_power_off
[16:59:28]<N0000025838|T0109170114|INFO> MOD_MXGPS [GPS]mx_gps_ready_to_close__valid set
[17:00:29]<N0000026119|T0109170215|INFO> MOD_MXGPS [GPS]mx_gps_drv_start(type:1)(0:COLD,1:WARM)
[17:00:29]<N0000026129|T0109170215|INFO> MOD_MXGPS [GPS]time_start:422137(tick) in mx_gps_power_on
[17:00:38]<N0000026255|T0109170225|INFO> MOD_MXGPS [GPS]warm, stop GPS now
[17:00:39]<N0000026262|T0109170225|INFO> MOD_MXGPS [GPS]time_finish:9(seconds) in mx_gps_power_off
[17:00:39]<N0000026264|T0109170225|INFO> MOD_MXGPS [GPS]mx_gps_ready_to_close__valid set
[17:01:40]<N0000026545|T0109170326|INFO> MOD_MXGPS [GPS]mx_gps_drv_start(type:1)(0:COLD,1:WARM)
[17:01:40]<N0000026555|T0109170326|INFO> MOD_MXGPS [GPS]time_start:429189(tick) in mx_gps_power_on
[17:01:49]<N0000026681|T0109170336|INFO> MOD_MXGPS [GPS]warm, stop GPS now
[17:01:50]<N0000026688|T0109170336|INFO> MOD_MXGPS [GPS]time_finish:9(seconds) in mx_gps_power_off
[17:01:50]<N0000026690|T0109170336|INFO> MOD_MXGPS [GPS]mx_gps_ready_to_close__valid set
[17:02:51]<N0000026971|T0109170437|INFO> MOD_MXGPS [GPS]mx_gps_drv_start(type:1)(0:COLD,1:WARM)
[17:02:51]<N0000026981|T0109170437|INFO> MOD_MXGPS [GPS]time_start:436240(tick) in mx_gps_power_on
[17:03:00]<N0000027107|T0109170447|INFO> MOD_MXGPS [GPS]warm, stop GPS now
[17:03:01]<N0000027114|T0109170447|INFO> MOD_MXGPS [GPS]time_finish:9(seconds) in mx_gps_power_off
[17:03:01]<N0000027116|T0109170447|INFO> MOD_MXGPS [GPS]mx_gps_ready_to_close__valid set
[17:04:02]<N0000027397|T0109170548|INFO> MOD_MXGPS [GPS]mx_gps_drv_start(type:1)(0:COLD,1:WARM)
[17:04:02]<N0000027407|T0109170548|INFO> MOD_MXGPS [GPS]time_start:443291(tick) in mx_gps_power_on
[17:04:11]<N0000027544|T0109170558|INFO> MOD_MXGPS [GPS]warm, stop GPS now
[17:04:12]<N0000027551|T0109170558|INFO> MOD_MXGPS [GPS]time_finish:9(seconds) in mx_gps_power_off
[17:04:12]<N0000027553|T0109170558|INFO> MOD_MXGPS [GPS]mx_gps_ready_to_close__valid set
[17:05:13]<N0000027834|T0109170659|INFO> MOD_MXGPS [GPS]mx_gps_drv_start(type:1)(0:COLD,1:WARM)
[17:05:13]<N0000027844|T0109170659|INFO> MOD_MXGPS [GPS]time_start:450343(tick) in mx_gps_power_on
[17:05:22]<N0000027970|T0109170709|INFO> MOD_MXGPS [GPS]warm, stop GPS now
[17:05:23]<N0000027977|T0109170709|INFO> MOD_MXGPS [GPS]time_finish:9(seconds) in mx_gps_power_off
[17:05:23]<N0000027979|T0109170709|INFO> MOD_MXGPS [GPS]mx_gps_ready_to_close__valid set
[17:06:24]<N0000028260|T0109170810|INFO> MOD_MXGPS [GPS]mx_gps_drv_start(type:1)(0:COLD,1:WARM)
[17:06:24]<N0000028270|T0109170810|INFO> MOD_MXGPS [GPS]time_start:457394(tick) in mx_gps_power_on
[17:06:33]<N0000028396|T0109170820|INFO> MOD_MXGPS [GPS]warm, stop GPS now
[17:06:34]<N0000028403|T0109170820|INFO> MOD_MXGPS [GPS]time_finish:9(seconds) in mx_gps_power_off
[17:06:34]<N0000028405|T0109170820|INFO> MOD_MXGPS [GPS]mx_gps_ready_to_close__valid set
[17:07:35]<N0000028686|T0109170921|INFO> MOD_MXGPS [GPS]mx_gps_drv_start(type:1)(0:COLD,1:WARM)
[17:07:35]<N0000028696|T0109170921|INFO> MOD_MXGPS [GPS]time_start:464445(tick) in mx_gps_power_on
[17:07:44]<N0000028822|T0109170931|INFO> MOD_MXGPS [GPS]warm, stop GPS now
[17:07:45]<N0000028829|T0109170931|INFO> MOD_MXGPS [GPS]time_finish:9(seconds) in mx_gps_power_off
[17:07:45]<N0000028831|T0109170931|INFO> MOD_MXGPS [GPS]mx_gps_ready_to_close__valid set
[17:08:46]<N0000029114|T0109171032|INFO> MOD_MXGPS [GPS]mx_gps_drv_start(type:1)(0:COLD,1:WARM)
[17:08:46]<N0000029124|T0109171032|INFO> MOD_MXGPS [GPS]time_start:471497(tick) in mx_gps_power_on
[17:08:55]<N0000029250|T0109171042|INFO> MOD_MXGPS [GPS]warm, stop GPS now
[17:08:56]<N0000029257|T0109171042|INFO> MOD_MXGPS [GPS]time_finish:9(seconds) in mx_gps_power_off
[17:08:56]<N0000029259|T0109171042|INFO> MOD_MXGPS [GPS]mx_gps_ready_to_close__valid set
[17:09:57]<N0000029540|T0109171143|INFO> MOD_MXGPS [GPS]mx_gps_drv_start(type:1)(0:COLD,1:WARM)
[17:09:57]<N0000029550|T0109171143|INFO> MOD_MXGPS [GPS]time_start:478548(tick) in mx_gps_power_on
[17:10:06]<N0000029676|T0109171153|INFO> MOD_MXGPS [GPS]warm, stop GPS now
[17:10:06]<N0000029683|T0109171153|INFO> MOD_MXGPS [GPS]time_finish:9(seconds) in mx_gps_power_off
[17:10:07]<N0000029685|T0109171153|INFO> MOD_MXGPS [GPS]mx_gps_ready_to_close__valid set
[17:11:08]<N0000029966|T0109171254|INFO> MOD_MXGPS [GPS]mx_gps_drv_start(type:1)(0:COLD,1:WARM)
[17:11:08]<N0000029976|T0109171254|INFO> MOD_MXGPS [GPS]time_start:485599(tick) in mx_gps_power_on
[17:11:17]<N0000030113|T0109171304|INFO> MOD_MXGPS [GPS]warm, stop GPS now
[17:11:17]<N0000030120|T0109171304|INFO> MOD_MXGPS [GPS]time_finish:9(seconds) in mx_gps_power_off
[17:11:18]<N0000030122|T0109171304|INFO> MOD_MXGPS [GPS]mx_gps_ready_to_close__valid set
[17:12:19]<N0000030403|T0109171405|INFO> MOD_MXGPS [GPS]mx_gps_drv_start(type:1)(0:COLD,1:WARM)
[17:12:19]<N0000030413|T0109171405|INFO> MOD_MXGPS [GPS]time_start:492650(tick) in mx_gps_power_on
[17:12:28]<N0000030539|T0109171415|INFO> MOD_MXGPS [GPS]warm, stop GPS now
[17:12:29]<N0000030546|T0109171415|INFO> MOD_MXGPS [GPS]time_finish:9(seconds) in mx_gps_power_off
[17:12:29]<N0000030548|T0109171415|INFO> MOD_MXGPS [GPS]mx_gps_ready_to_close__valid set
[17:13:30]<N0000030829|T0109171516|INFO> MOD_MXGPS [GPS]mx_gps_drv_start(type:1)(0:COLD,1:WARM)
[17:13:30]<N0000030839|T0109171516|INFO> MOD_MXGPS [GPS]time_start:499705(tick) in mx_gps_power_on
[17:13:39]<N0000030965|T0109171526|INFO> MOD_MXGPS [GPS]warm, stop GPS now
[17:13:40]<N0000030972|T0109171526|INFO> MOD_MXGPS [GPS]time_finish:9(seconds) in mx_gps_power_off
[17:13:40]<N0000030974|T0109171526|INFO> MOD_MXGPS [GPS]mx_gps_ready_to_close__valid set
[17:14:41]<N0000031255|T0109171627|INFO> MOD_MXGPS [GPS]mx_gps_drv_start(type:1)(0:COLD,1:WARM)
[17:14:41]<N0000031265|T0109171627|INFO> MOD_MXGPS [GPS]time_start:506753(tick) in mx_gps_power_on
[17:14:50]<N0000031391|T0109171637|INFO> MOD_MXGPS [GPS]warm, stop GPS now
[17:14:50]<N0000031398|T0109171637|INFO> MOD_MXGPS [GPS]time_finish:9(seconds) in mx_gps_power_off
[17:14:51]<N0000031400|T0109171637|INFO> MOD_MXGPS [GPS]mx_gps_ready_to_close__valid set
[17:15:52]<N0000031681|T0109171738|INFO> MOD_MXGPS [GPS]mx_gps_drv_start(type:1)(0:COLD,1:WARM)
[17:15:52]<N0000031691|T0109171738|INFO> MOD_MXGPS [GPS]time_start:513804(tick) in mx_gps_power_on
[17:16:01]<N0000031817|T0109171748|INFO> MOD_MXGPS [GPS]warm, stop GPS now
[17:16:01]<N0000031824|T0109171748|INFO> MOD_MXGPS [GPS]time_finish:9(seconds) in mx_gps_power_off
[17:16:02]<N0000031826|T0109171748|INFO> MOD_MXGPS [GPS]mx_gps_ready_to_close__valid set
[17:17:03]<N0000032107|T0109171849|INFO> MOD_MXGPS [GPS]mx_gps_drv_start(type:1)(0:COLD,1:WARM)
[17:17:03]<N0000032117|T0109171849|INFO> MOD_MXGPS [GPS]time_start:520855(tick) in mx_gps_power_on
[17:17:12]<N0000032243|T0109171859|INFO> MOD_MXGPS [GPS]warm, stop GPS now
[17:17:12]<N0000032250|T0109171859|INFO> MOD_MXGPS [GPS]time_finish:9(seconds) in mx_gps_power_off
[17:17:13]<N0000032252|T0109171859|INFO> MOD_MXGPS [GPS]mx_gps_ready_to_close__valid set
[17:18:14]<N0000032533|T0109172000|INFO> MOD_MXGPS [GPS]mx_gps_drv_start(type:1)(0:COLD,1:WARM)
[17:18:14]<N0000032543|T0109172000|INFO> MOD_MXGPS [GPS]time_start:527906(tick) in mx_gps_power_on
[17:18:23]<N0000032680|T0109172010|INFO> MOD_MXGPS [GPS]warm, stop GPS now
[17:18:23]<N0000032687|T0109172010|INFO> MOD_MXGPS [GPS]time_finish:9(seconds) in mx_gps_power_off
[17:18:24]<N0000032689|T0109172010|INFO> MOD_MXGPS [GPS]mx_gps_ready_to_close__valid set
[17:19:25]<N0000032970|T0109172111|INFO> MOD_MXGPS [GPS]mx_gps_drv_start(type:1)(0:COLD,1:WARM)
[17:19:25]<N0000032980|T0109172111|INFO> MOD_MXGPS [GPS]time_start:534958(tick) in mx_gps_power_on
[17:19:34]<N0000033106|T0109172121|INFO> MOD_MXGPS [GPS]warm, stop GPS now
[17:19:34]<N0000033113|T0109172121|INFO> MOD_MXGPS [GPS]time_finish:9(seconds) in mx_gps_power_off
[17:19:35]<N0000033115|T0109172121|INFO> MOD_MXGPS [GPS]mx_gps_ready_to_close__valid set
[17:20:36]<N0000033396|T0109172222|INFO> MOD_MXGPS [GPS]mx_gps_drv_start(type:1)(0:COLD,1:WARM)
[17:20:36]<N0000033406|T0109172222|INFO> MOD_MXGPS [GPS]time_start:542009(tick) in mx_gps_power_on
[17:20:45]<N0000033532|T0109172232|INFO> MOD_MXGPS [GPS]warm, stop GPS now
[17:20:45]<N0000033539|T0109172232|INFO> MOD_MXGPS [GPS]time_finish:9(seconds) in mx_gps_power_off
[17:20:46]<N0000033541|T0109172232|INFO> MOD_MXGPS [GPS]mx_gps_ready_to_close__valid set
[17:21:47]<N0000033822|T0109172333|INFO> MOD_MXGPS [GPS]mx_gps_drv_start(type:1)(0:COLD,1:WARM)
[17:21:47]<N0000033832|T0109172333|INFO> MOD_MXGPS [GPS]time_start:549060(tick) in mx_gps_power_on
[17:21:56]<N0000033958|T0109172343|INFO> MOD_MXGPS [GPS]warm, stop GPS now
[17:21:56]<N0000033965|T0109172343|INFO> MOD_MXGPS [GPS]time_finish:9(seconds) in mx_gps_power_off
[17:21:57]<N0000033967|T0109172343|INFO> MOD_MXGPS [GPS]mx_gps_ready_to_close__valid set
[17:22:58]<N0000034248|T0109172444|INFO> MOD_MXGPS [GPS]mx_gps_drv_start(type:1)(0:COLD,1:WARM)
[17:22:58]<N0000034258|T0109172444|INFO> MOD_MXGPS [GPS]time_start:556112(tick) in mx_gps_power_on
[17:23:07]<N0000034384|T0109172454|INFO> MOD_MXGPS [GPS]warm, stop GPS now
[17:23:07]<N0000034391|T0109172454|INFO> MOD_MXGPS [GPS]time_finish:9(seconds) in mx_gps_power_off
[17:23:08]<N0000034393|T0109172454|INFO> MOD_MXGPS [GPS]mx_gps_ready_to_close__valid set
[17:24:09]<N0000034674|T0109172555|INFO> MOD_MXGPS [GPS]mx_gps_drv_start(type:1)(0:COLD,1:WARM)
[17:24:09]<N0000034684|T0109172555|INFO> MOD_MXGPS [GPS]time_start:563163(tick) in mx_gps_power_on
[17:24:18]<N0000034810|T0109172605|INFO> MOD_MXGPS [GPS]warm, stop GPS now
[17:24:18]<N0000034817|T0109172605|INFO> MOD_MXGPS [GPS]time_finish:9(seconds) in mx_gps_power_off
[17:24:19]<N0000034819|T0109172605|INFO> MOD_MXGPS [GPS]mx_gps_ready_to_close__valid set
[17:25:20]<N0000035100|T0109172706|INFO> MOD_MXGPS [GPS]mx_gps_drv_start(type:1)(0:COLD,1:WARM)
[17:25:20]<N0000035110|T0109172706|INFO> MOD_MXGPS [GPS]time_start:570214(tick) in mx_gps_power_on
[17:25:29]<N0000035247|T0109172716|INFO> MOD_MXGPS [GPS]warm, stop GPS now
[17:25:29]<N0000035254|T0109172716|INFO> MOD_MXGPS [GPS]time_finish:9(seconds) in mx_gps_power_off
[17:25:30]<N0000035256|T0109172716|INFO> MOD_MXGPS [GPS]mx_gps_ready_to_close__valid set
[17:26:31]<N0000035537|T0109172817|INFO> MOD_MXGPS [GPS]mx_gps_drv_start(type:1)(0:COLD,1:WARM)
[17:26:31]<N0000035547|T0109172817|INFO> MOD_MXGPS [GPS]time_start:577265(tick) in mx_gps_power_on
[17:26:40]<N0000035673|T0109172827|INFO> MOD_MXGPS [GPS]warm, stop GPS now
[17:26:40]<N0000035680|T0109172827|INFO> MOD_MXGPS [GPS]time_finish:9(seconds) in mx_gps_power_off
[17:26:41]<N0000035682|T0109172827|INFO> MOD_MXGPS [GPS]mx_gps_ready_to_close__valid set
[17:27:42]<N0000035963|T0109172928|INFO> MOD_MXGPS [GPS]mx_gps_drv_start(type:1)(0:COLD,1:WARM)
[17:27:42]<N0000035973|T0109172928|INFO> MOD_MXGPS [GPS]time_start:584317(tick) in mx_gps_power_on
[17:27:51]<N0000036099|T0109172938|INFO> MOD_MXGPS [GPS]warm, stop GPS now
[17:27:51]<N0000036106|T0109172938|INFO> MOD_MXGPS [GPS]time_finish:9(seconds) in mx_gps_power_off
[17:27:52]<N0000036108|T0109172938|INFO> MOD_MXGPS [GPS]mx_gps_ready_to_close__valid set
[17:28:53]<N0000036389|T0109173039|INFO> MOD_MXGPS [GPS]mx_gps_drv_start(type:1)(0:COLD,1:WARM)
